Log file open, 01/19/19 15:54:13
LogWindows: Failed to load 'aqProf.dll' (GetLastError=126)
LogWindows: File 'aqProf.dll' does not exist
LogWindows: Failed to load 'VtuneApi.dll' (GetLastError=126)
LogWindows: File 'VtuneApi.dll' does not exist
LogWindows: Failed to load 'VtuneApi32e.dll' (GetLastError=126)
LogWindows: File 'VtuneApi32e.dll' does not exist
LogConsoleResponse: Display: Failed to find resolution value strings in scalability ini. Falling back to default.
LogInit: Display: Running engine for game: FPS_Project
LogPakFile: Registered encryption key '00000000000000000000000000000000': 0 pak files mounted, 0 remain pending
LogPlatformFile: Not using cached read wrapper
LogTaskGraph: Started task graph with 5 named threads and 35 total threads with 3 sets of task threads.
LogStats: Stats thread started at 0.408169
LogD3D11RHI: Loaded GFSDK_Aftermath_Lib.x64.dll
LogICUInternationalization: ICU TimeZone Detection - Raw Offset: +0:00, Platform Override: ''
LogPluginManager: Mounting plugin Paper2D
LogPluginManager: Mounting plugin AISupport
LogPluginManager: Mounting plugin LightPropagationVolume
LogPluginManager: Mounting plugin ActorLayerUtilities
LogPluginManager: Mounting plugin CLionSourceCodeAccess
LogPluginManager: Mounting plugin CodeLiteSourceCodeAccess
LogPluginManager: Mounting plugin GitSourceControl
LogPluginManager: Mounting plugin KDevelopSourceCodeAccess
LogPluginManager: Mounting plugin NullSourceCodeAccess
LogPluginManager: Mounting plugin PerforceSourceControl
LogPluginManager: Mounting plugin SubversionSourceControl
LogPluginManager: Mounting plugin UObjectPlugin
LogPluginManager: Mounting plugin VisualStudioCodeSourceCodeAccess
LogPluginManager: Mounting plugin VisualStudioSourceCodeAccess
LogPluginManager: Mounting plugin XCodeSourceCodeAccess
LogPluginManager: Mounting plugin AssetManagerEditor
LogPluginManager: Mounting plugin CryptoKeys
LogPluginManager: Mounting plugin DataValidation
LogPluginManager: Mounting plugin FacialAnimation
LogPluginManager: Mounting plugin GameplayTagsEditor
LogPluginManager: Mounting plugin MacGraphicsSwitching
LogPluginManager: Mounting plugin MeshEditor
LogPluginManager: Mounting plugin MobileLauncherProfileWizard
LogPluginManager: Mounting plugin PluginBrowser
LogPluginManager: Mounting plugin SpeedTreeImporter
LogPluginManager: Mounting plugin DatasmithContent
LogPluginManager: Mounting plugin VariantManagerContent
LogPluginManager: Mounting plugin AlembicImporter
LogPluginManager: Mounting plugin AppleImageUtils
LogPluginManager: Mounting plugin AppleVision
LogPluginManager: Mounting plugin BackChannel
LogPluginManager: Mounting plugin CharacterAI
LogPluginManager: Mounting plugin GeometryCache
LogPluginManager: Mounting plugin HTML5Networking
LogPluginManager: Mounting plugin ProxyLODPlugin
LogPluginManager: Mounting plugin MagicLeap
LogPluginManager: Mounting plugin MagicLeapMedia
LogPluginManager: Mounting plugin AndroidMedia
LogPluginManager: Mounting plugin AvfMedia
LogPluginManager: Mounting plugin ImgMedia
LogPluginManager: Mounting plugin LinearTimecode
LogPluginManager: Mounting plugin MediaCompositing
LogPluginManager: Mounting plugin MediaPlayerEditor
LogPluginManager: Mounting plugin WebMMedia
LogPluginManager: Mounting plugin WmfMedia
LogPluginManager: Mounting plugin TcpMessaging
LogPluginManager: Mounting plugin UdpMessaging
LogPluginManager: Mounting plugin ActorSequence
LogPluginManager: Mounting plugin LevelSequenceEditor
LogPluginManager: Mounting plugin MatineeToLevelSequence
LogPluginManager: Mounting plugin NetcodeUnitTest
LogPluginManager: Mounting plugin NUTUnrealEngine4
LogPluginManager: Mounting plugin OnlineSubsystemGooglePlay
LogPluginManager: Mounting plugin OnlineSubsystemIOS
LogPluginManager: Mounting plugin OnlineSubsystem
LogPluginManager: Mounting plugin OnlineSubsystemNull
LogPluginManager: Mounting plugin OnlineSubsystemUtils
LogPluginManager: Mounting plugin LauncherChunkInstaller
LogPluginManager: Mounting plugin AndroidDeviceProfileSelector
LogPluginManager: Mounting plugin AndroidMoviePlayer
LogPluginManager: Mounting plugin AndroidPermission
LogPluginManager: Mounting plugin AppleMoviePlayer
LogPluginManager: Mounting plugin ArchVisCharacter
LogPluginManager: Mounting plugin AudioCapture
LogPluginManager: Mounting plugin CableComponent
LogPluginManager: Mounting plugin CustomMeshComponent
LogPluginManager: Mounting plugin EditableMesh
LogPluginManager: Mounting plugin ExampleDeviceProfileSelector
LogPluginManager: Mounting plugin Firebase
LogPluginManager: Mounting plugin GoogleCloudMessaging
LogPluginManager: Mounting plugin IOSDeviceProfileSelector
LogPluginManager: Mounting plugin LinuxDeviceProfileSelector
LogPluginManager: Mounting plugin LocationServicesBPLibrary
LogPluginManager: Mounting plugin MobilePatchingUtils
LogPluginManager: Mounting plugin OculusVR
LogPluginManager: Mounting plugin PhysXVehicles
LogPluginManager: Mounting plugin ProceduralMeshComponent
LogPluginManager: Mounting plugin RuntimePhysXCooking
LogPluginManager: Mounting plugin SteamVR
LogPluginManager: Mounting plugin WebMMoviePlayer
LogPluginManager: Mounting plugin WindowsMoviePlayer
LogStreaming: Display: Took  0.076s to configure plugins.
LogInit: Using libcurl 7.55.1-DEV
LogInit:  - built for x86_64-pc-win32
LogInit:  - supports SSL with OpenSSL/1.0.2h
LogInit:  - supports HTTP deflate (compression) using libz 1.2.8
LogInit:  - other features:
LogInit:      CURL_VERSION_SSL
LogInit:      CURL_VERSION_LIBZ
LogInit:      CURL_VERSION_IPV6
LogInit:      CURL_VERSION_ASYNCHDNS
LogInit:      CURL_VERSION_LARGEFILE
LogInit:      CURL_VERSION_IDN
LogInit:  CurlRequestOptions (configurable via config and command line):
LogInit:  - bVerifyPeer = true  - Libcurl will verify peer certificate
LogInit:  - bUseHttpProxy = false  - Libcurl will NOT use HTTP proxy
LogInit:  - bDontReuseConnections = false  - Libcurl will reuse connections
LogInit:  - MaxHostConnections = 16  - Libcurl will limit the number of connections to a host
LogInit:  - LocalHostAddr = Default
LogInit:  - BufferSize = 65536
LogInit: WinSock: version 1.1 (2.2), MaxSocks=32767, MaxUdp=65467
LogInit: Build: ++UE4+Release-4.21-CL-4613538
LogInit: Engine Version: 4.21.1-4613538+++UE4+Release-4.21
LogInit: Compatible Engine Version: 4.21.0-4541578+++UE4+Release-4.21
LogInit: Net CL: 4541578
LogInit: OS: Windows 10 (), CPU: Intel(R) Core(TM) i7-8086K CPU @ 4.00GHz, GPU: NVIDIA GeForce GTX 1080 Ti
LogInit: Compiled (64-bit): Nov 30 2018 04:13:25
LogInit: Compiled with Visual C++: 19.13.26129.00
LogInit: Build Configuration: Development
LogInit: Branch Name: ++UE4+Release-4.21
LogInit: Command Line: 
LogInit: Base Directory: G:/Epic Games/UE_4.21/Engine/Binaries/Win64/
LogInit: Installed Engine Build: 1
LogDevObjectVersion: Number of dev versions registered: 22
LogDevObjectVersion:   Dev-Blueprints (B0D832E4-1F89-4F0D-ACCF-7EB736FD4AA2): 10
LogDevObjectVersion:   Dev-Build (E1C64328-A22C-4D53-A36C-8E866417BD8C): 0
LogDevObjectVersion:   Dev-Core (375EC13C-06E4-48FB-B500-84F0262A717E): 2
LogDevObjectVersion:   Dev-Editor (E4B068ED-F494-42E9-A231-DA0B2E46BB41): 26
LogDevObjectVersion:   Dev-Framework (CFFC743F-43B0-4480-9391-14DF171D2073): 34
LogDevObjectVersion:   Dev-Mobile (B02B49B5-BB20-44E9-A304-32B752E40360): 2
LogDevObjectVersion:   Dev-Networking (A4E4105C-59A1-49B5-A7C5-40C4547EDFEE): 0
LogDevObjectVersion:   Dev-Online (39C831C9-5AE6-47DC-9A44-9C173E1C8E7C): 0
LogDevObjectVersion:   Dev-Physics (78F01B33-EBEA-4F98-B9B4-84EACCB95AA2): 0
LogDevObjectVersion:   Dev-Platform (6631380F-2D4D-43E0-8009-CF276956A95A): 0
LogDevObjectVersion:   Dev-Rendering (12F88B9F-8875-4AFC-A67C-D90C383ABD29): 27
LogDevObjectVersion:   Dev-Sequencer (7B5AE74C-D270-4C10-A958-57980B212A5A): 9
LogDevObjectVersion:   Dev-VR (D7296918-1DD6-4BDD-9DE2-64A83CC13884): 2
LogDevObjectVersion:   Dev-LoadTimes (C2A15278-BFE7-4AFE-6C17-90FF531DF755): 1
LogDevObjectVersion:   Private-Geometry (6EACA3D4-40EC-4CC1-B786-8BED09428FC5): 3
LogDevObjectVersion:   Dev-AnimPhys (29E575DD-E0A3-4627-9D10-D276232CDCEA): 17
LogDevObjectVersion:   Dev-Anim (AF43A65D-7FD3-4947-9873-3E8ED9C1BB05): 2
LogDevObjectVersion:   Dev-ReflectionCapture (6B266CEC-1EC7-4B8F-A30B-E4D90942FC07): 1
LogDevObjectVersion:   Dev-Automation (0DF73D61-A23F-47EA-B727-89E90C41499A): 1
LogDevObjectVersion:   FortniteMain (601D1886-AC64-4F84-AA16-D3DE0DEAC7D6): 17
LogDevObjectVersion:   Dev-Enterprise (9DFFBCD6-494F-0158-E221-12823C92A888): 4
LogDevObjectVersion:   Dev-Niagara (F2AED0AC-9AFE-416F-8664-AA7FFA26D6FC): 1
LogStreaming: Display: Took  0.000s to delete old logs.
LogInit: Presizing for max 8388607 objects, including 0 objects not considered by GC, pre-allocating 0 bytes for permanent pool.
LogInit: Object subsystem initialized
LogConfig: Setting CVar [[con.DebugEarlyDefault:1]]
LogConfig: Setting CVar [[r.setres:1280x720]]
[2019.01.19-15.54.14:149][  0]LogConfig: Setting CVar [[r.VSync:0]]
[2019.01.19-15.54.14:149][  0]LogConfig: Setting CVar [[r.RHICmdBypass:0]]
[2019.01.19-15.54.14:149][  0]LogConfig: Applying CVar settings from Section [/Script/Engine.RendererSettings] File [G:/Epic Games/Projects/Spudance/FPS_Project/Saved/Config/Windows/Engine.ini]
[2019.01.19-15.54.14:149][  0]LogConfig: Setting CVar [[r.GPUCrashDebugging:0]]
[2019.01.19-15.54.14:149][  0]LogConfig: Applying CVar settings from Section [/Script/Engine.RendererOverrideSettings] File [G:/Epic Games/Projects/Spudance/FPS_Project/Saved/Config/Windows/Engine.ini]
[2019.01.19-15.54.14:149][  0]LogConfig: Applying CVar settings from Section [/Script/Engine.StreamingSettings] File [G:/Epic Games/Projects/Spudance/FPS_Project/Saved/Config/Windows/Engine.ini]
[2019.01.19-15.54.14:149][  0]LogConfig: Setting CVar [[s.MinBulkDataSizeForAsyncLoading:131072]]
[2019.01.19-15.54.14:149][  0]LogConfig: Setting CVar [[s.AsyncLoadingThreadEnabled:0]]
[2019.01.19-15.54.14:149][  0]LogConfig: Setting CVar [[s.EventDrivenLoaderEnabled:1]]
[2019.01.19-15.54.14:150][  0]LogConfig: Setting CVar [[s.WarnIfTimeLimitExceeded:0]]
[2019.01.19-15.54.14:150][  0]LogConfig: Setting CVar [[s.TimeLimitExceededMultiplier:1.5]]
[2019.01.19-15.54.14:150][  0]LogConfig: Setting CVar [[s.TimeLimitExceededMinTime:0.005]]
[2019.01.19-15.54.14:150][  0]LogConfig: Setting CVar [[s.UseBackgroundLevelStreaming:1]]
[2019.01.19-15.54.14:150][  0]LogConfig: Setting CVar [[s.PriorityAsyncLoadingExtraTime:15.0]]
[2019.01.19-15.54.14:150][  0]LogConfig: Setting CVar [[s.LevelStreamingActorsUpdateTimeLimit:5.0]]
[2019.01.19-15.54.14:150][  0]LogConfig: Setting CVar [[s.PriorityLevelStreamingActorsUpdateExtraTime:5.0]]
[2019.01.19-15.54.14:150][  0]LogConfig: Setting CVar [[s.LevelStreamingComponentsRegistrationGranularity:10]]
[2019.01.19-15.54.14:150][  0]LogConfig: Setting CVar [[s.UnregisterComponentsTimeLimit:1.0]]
[2019.01.19-15.54.14:150][  0]LogConfig: Setting CVar [[s.LevelStreamingComponentsUnregistrationGranularity:5]]
[2019.01.19-15.54.14:150][  0]LogConfig: Applying CVar settings from Section [/Script/Engine.GarbageCollectionSettings] File [G:/Epic Games/Projects/Spudance/FPS_Project/Saved/Config/Windows/Engine.ini]
[2019.01.19-15.54.14:150][  0]LogConfig: Setting CVar [[gc.MaxObjectsNotConsideredByGC:1]]
[2019.01.19-15.54.14:150][  0]LogConfig: Setting CVar [[gc.SizeOfPermanentObjectPool:0]]
[2019.01.19-15.54.14:150][  0]LogConfig: Setting CVar [[gc.FlushStreamingOnGC:0]]
[2019.01.19-15.54.14:150][  0]LogConfig: Setting CVar [[gc.NumRetriesBeforeForcingGC:10]]
[2019.01.19-15.54.14:150][  0]LogConfig: Setting CVar [[gc.AllowParallelGC:1]]
[2019.01.19-15.54.14:150][  0]LogConfig: Setting CVar [[gc.TimeBetweenPurgingPendingKillObjects:61.1]]
[2019.01.19-15.54.14:150][  0]LogConfig: Setting CVar [[gc.MaxObjectsInEditor:8388607]]
[2019.01.19-15.54.14:150][  0]LogConfig: Setting CVar [[gc.IncrementalBeginDestroyEnabled:1]]
[2019.01.19-15.54.14:151][  0]LogConfig: Setting CVar [[gc.CreateGCClusters:1]]
[2019.01.19-15.54.14:151][  0]LogConfig: Setting CVar [[gc.MergeGCClusters:0]]
[2019.01.19-15.54.14:151][  0]LogConfig: Setting CVar [[gc.MinGCClusterSize:5]]
[2019.01.19-15.54.14:151][  0]LogConfig: Setting CVar [[gc.ActorClusteringEnabled:0]]
[2019.01.19-15.54.14:151][  0]LogConfig: Setting CVar [[gc.BlueprintClusteringEnabled:0]]
[2019.01.19-15.54.14:151][  0]LogConfig: Setting CVar [[gc.UseDisregardForGCOnDedicatedServers:0]]
[2019.01.19-15.54.14:151][  0]LogConfig: Applying CVar settings from Section [/Script/Engine.NetworkSettings] File [G:/Epic Games/Projects/Spudance/FPS_Project/Saved/Config/Windows/Engine.ini]
[2019.01.19-15.54.14:151][  0]LogConfig: Applying CVar settings from Section [/Script/UnrealEd.CookerSettings] File [G:/Epic Games/Projects/Spudance/FPS_Project/Saved/Config/Windows/Engine.ini]
[2019.01.19-15.54.14:186][  0]LogConfig: Applying CVar settings from Section [ViewDistanceQuality@3] File [G:/Epic Games/Projects/Spudance/FPS_Project/Saved/Config/Windows/Scalability.ini]
[2019.01.19-15.54.14:186][  0]LogConfig: Setting CVar [[r.SkeletalMeshLODBias:0]]
[2019.01.19-15.54.14:186][  0]LogConfig: Setting CVar [[r.ViewDistanceScale:1.0]]
[2019.01.19-15.54.14:186][  0]LogConfig: Applying CVar settings from Section [AntiAliasingQuality@3] File [G:/Epic Games/Projects/Spudance/FPS_Project/Saved/Config/Windows/Scalability.ini]
[2019.01.19-15.54.14:186][  0]LogConfig: Setting CVar [[r.PostProcessAAQuality:4]]
[2019.01.19-15.54.14:186][  0]LogConfig: Applying CVar settings from Section [ShadowQuality@3] File [G:/Epic Games/Projects/Spudance/FPS_Project/Saved/Config/Windows/Scalability.ini]
[2019.01.19-15.54.14:186][  0]LogConfig: Setting CVar [[r.LightFunctionQuality:1]]
[2019.01.19-15.54.14:186][  0]LogConfig: Setting CVar [[r.ShadowQuality:5]]
[2019.01.19-15.54.14:186][  0]LogConfig: Setting CVar [[r.Shadow.CSM.MaxCascades:10]]
[2019.01.19-15.54.14:186][  0]LogConfig: Setting CVar [[r.Shadow.MaxResolution:2048]]
[2019.01.19-15.54.14:186][  0]LogConfig: Setting CVar [[r.Shadow.MaxCSMResolution:2048]]
[2019.01.19-15.54.14:186][  0]LogConfig: Setting CVar [[r.Shadow.RadiusThreshold:0.01]]
[2019.01.19-15.54.14:186][  0]LogConfig: Setting CVar [[r.Shadow.DistanceScale:1.0]]
[2019.01.19-15.54.14:186][  0]LogConfig: Setting CVar [[r.Shadow.CSM.TransitionScale:1.0]]
[2019.01.19-15.54.14:186][  0]LogConfig: Setting CVar [[r.Shadow.PreShadowResolutionFactor:1.0]]
[2019.01.19-15.54.14:186][  0]LogConfig: Setting CVar [[r.DistanceFieldShadowing:1]]
[2019.01.19-15.54.14:186][  0]LogConfig: Setting CVar [[r.DistanceFieldAO:1]]
[2019.01.19-15.54.14:186][  0]LogConfig: Setting CVar [[r.AOQuality:2]]
[2019.01.19-15.54.14:186][  0]LogConfig: Setting CVar [[r.VolumetricFog:1]]
[2019.01.19-15.54.14:186][  0]LogConfig: Setting CVar [[r.VolumetricFog.GridPixelSize:8]]
[2019.01.19-15.54.14:186][  0]LogConfig: Setting CVar [[r.VolumetricFog.GridSizeZ:128]]
[2019.01.19-15.54.14:186][  0]LogConfig: Setting CVar [[r.VolumetricFog.HistoryMissSupersampleCount:4]]
[2019.01.19-15.54.14:186][  0]LogConfig: Setting CVar [[r.LightMaxDrawDistanceScale:1]]
[2019.01.19-15.54.14:186][  0]LogConfig: Setting CVar [[r.CapsuleShadows:1]]
[2019.01.19-15.54.14:186][  0]LogConfig: Applying CVar settings from Section [PostProcessQuality@3] File [G:/Epic Games/Projects/Spudance/FPS_Project/Saved/Config/Windows/Scalability.ini]
[2019.01.19-15.54.14:186][  0]LogConfig: Setting CVar [[r.MotionBlurQuality:4]]
[2019.01.19-15.54.14:186][  0]LogConfig: Setting CVar [[r.AmbientOcclusionMipLevelFactor:0.4]]
[2019.01.19-15.54.14:186][  0]LogConfig: Setting CVar [[r.AmbientOcclusionMaxQuality:100]]
[2019.01.19-15.54.14:186][  0]LogConfig: Setting CVar [[r.AmbientOcclusionLevels:-1]]
[2019.01.19-15.54.14:186][  0]LogConfig: Setting CVar [[r.AmbientOcclusionRadiusScale:1.0]]
[2019.01.19-15.54.14:186][  0]LogConfig: Setting CVar [[r.DepthOfFieldQuality:2]]
[2019.01.19-15.54.14:186][  0]LogConfig: Setting CVar [[r.RenderTargetPoolMin:400]]
[2019.01.19-15.54.14:186][  0]LogConfig: Setting CVar [[r.LensFlareQuality:2]]
[2019.01.19-15.54.14:186][  0]LogConfig: Setting CVar [[r.SceneColorFringeQuality:1]]
[2019.01.19-15.54.14:186][  0]LogConfig: Setting CVar [[r.EyeAdaptationQuality:2]]
[2019.01.19-15.54.14:186][  0]LogConfig: Setting CVar [[r.BloomQuality:5]]
[2019.01.19-15.54.14:186][  0]LogConfig: Setting CVar [[r.FastBlurThreshold:100]]
[2019.01.19-15.54.14:186][  0]LogConfig: Setting CVar [[r.Upscale.Quality:3]]
[2019.01.19-15.54.14:186][  0]LogConfig: Setting CVar [[r.Tonemapper.GrainQuantization:1]]
[2019.01.19-15.54.14:186][  0]LogConfig: Setting CVar [[r.LightShaftQuality:1]]
[2019.01.19-15.54.14:186][  0]LogConfig: Setting CVar [[r.Filter.SizeScale:1]]
[2019.01.19-15.54.14:186][  0]LogConfig: Setting CVar [[r.Tonemapper.Quality:5]]
[2019.01.19-15.54.14:186][  0]LogConfig: Setting CVar [[r.DOF.Gather.AccumulatorQuality:1        ; higher gathering accumulator quality]]
[2019.01.19-15.54.14:186][  0]LogConfig: Setting CVar [[r.DOF.Gather.PostfilterMethod:1          ; Median3x3 postfilering method]]
[2019.01.19-15.54.14:186][  0]LogConfig: Setting CVar [[r.DOF.Gather.EnableBokehSettings:0       ; no bokeh simulation when gathering]]
[2019.01.19-15.54.14:186][  0]LogConfig: Setting CVar [[r.DOF.Gather.RingCount:4                 ; medium number of samples when gathering]]
[2019.01.19-15.54.14:186][  0]LogConfig: Setting CVar [[r.DOF.Scatter.ForegroundCompositing:1    ; additive foreground scattering]]
[2019.01.19-15.54.14:186][  0]LogConfig: Setting CVar [[r.DOF.Scatter.BackgroundCompositing:2    ; additive background scattering]]
[2019.01.19-15.54.14:186][  0]LogConfig: Setting CVar [[r.DOF.Scatter.EnableBokehSettings:1      ; bokeh simulation when scattering]]
[2019.01.19-15.54.14:186][  0]LogConfig: Setting CVar [[r.DOF.Scatter.MaxSpriteRatio:0.1         ; only a maximum of 10% of scattered bokeh]]
[2019.01.19-15.54.14:186][  0]LogConfig: Setting CVar [[r.DOF.Recombine.Quality:1                ; cheap slight out of focus]]
[2019.01.19-15.54.14:186][  0]LogConfig: Setting CVar [[r.DOF.Recombine.EnableBokehSettings:0    ; no bokeh simulation on slight out of focus]]
[2019.01.19-15.54.14:186][  0]LogConfig: Setting CVar [[r.DOF.TemporalAAQuality:1                ; more stable temporal accumulation]]
[2019.01.19-15.54.14:186][  0]LogConfig: Setting CVar [[r.DOF.Kernel.MaxForegroundRadius:0.025]]
[2019.01.19-15.54.14:186][  0]LogConfig: Setting CVar [[r.DOF.Kernel.MaxBackgroundRadius:0.025]]
[2019.01.19-15.54.14:186][  0]LogConfig: Applying CVar settings from Section [TextureQuality@3] File [G:/Epic Games/Projects/Spudance/FPS_Project/Saved/Config/Windows/Scalability.ini]
[2019.01.19-15.54.14:186][  0]LogConfig: Setting CVar [[r.Streaming.MipBias:0]]
[2019.01.19-15.54.14:186][  0]LogConfig: Setting CVar [[r.Streaming.AmortizeCPUToGPUCopy:0]]
[2019.01.19-15.54.14:186][  0]LogConfig: Setting CVar [[r.Streaming.MaxNumTexturesToStreamPerFrame:0]]
[2019.01.19-15.54.14:186][  0]LogConfig: Setting CVar [[r.Streaming.Boost:1]]
[2019.01.19-15.54.14:186][  0]LogConfig: Setting CVar [[r.MaxAnisotropy:8]]
[2019.01.19-15.54.14:186][  0]LogConfig: Setting CVar [[r.Streaming.LimitPoolSizeToVRAM:0]]
[2019.01.19-15.54.14:186][  0]LogConfig: Setting CVar [[r.Streaming.PoolSize:1000]]
[2019.01.19-15.54.14:186][  0]LogConfig: Setting CVar [[r.Streaming.MaxEffectiveScreenSize:0]]
[2019.01.19-15.54.14:186][  0]LogConfig: Applying CVar settings from Section [EffectsQuality@3] File [G:/Epic Games/Projects/Spudance/FPS_Project/Saved/Config/Windows/Scalability.ini]
[2019.01.19-15.54.14:186][  0]LogConfig: Setting CVar [[r.TranslucencyLightingVolumeDim:64]]
[2019.01.19-15.54.14:186][  0]LogConfig: Setting CVar [[r.RefractionQuality:2]]
[2019.01.19-15.54.14:186][  0]LogConfig: Setting CVar [[r.SSR.Quality:3]]
[2019.01.19-15.54.14:186][  0]LogConfig: Setting CVar [[r.SceneColorFormat:4]]
[2019.01.19-15.54.14:186][  0]LogConfig: Setting CVar [[r.DetailMode:2]]
[2019.01.19-15.54.14:186][  0]LogConfig: Setting CVar [[r.TranslucencyVolumeBlur:1]]
[2019.01.19-15.54.14:187][  0]LogConfig: Setting CVar [[r.MaterialQualityLevel:1 ; High quality]]
[2019.01.19-15.54.14:187][  0]LogConfig: Setting CVar [[r.SSS.Scale:1]]
[2019.01.19-15.54.14:187][  0]LogConfig: Setting CVar [[r.SSS.SampleSet:2]]
[2019.01.19-15.54.14:187][  0]LogConfig: Setting CVar [[r.SSS.Quality:1]]
[2019.01.19-15.54.14:187][  0]LogConfig: Setting CVar [[r.SSS.HalfRes:1]]
[2019.01.19-15.54.14:187][  0]LogConfig: Setting CVar [[r.EmitterSpawnRateScale:1.0]]
[2019.01.19-15.54.14:187][  0]LogConfig: Setting CVar [[r.ParticleLightQuality:2]]
[2019.01.19-15.54.14:187][  0]LogConfig: Applying CVar settings from Section [FoliageQuality@3] File [G:/Epic Games/Projects/Spudance/FPS_Project/Saved/Config/Windows/Scalability.ini]
[2019.01.19-15.54.14:187][  0]LogConfig: Setting CVar [[foliage.DensityScale:1.0]]
[2019.01.19-15.54.14:187][  0]LogConfig: Setting CVar [[grass.DensityScale:1.0]]
[2019.01.19-15.54.14:187][  0]LogInit: Selected Device Profile: [Windows]
[2019.01.19-15.54.14:187][  0]LogInit: Applying CVar settings loaded from the selected device profile: [Windows]
[2019.01.19-15.54.14:192][  0]LogHAL: Display: Platform has ~ 32 GB [34299179008 / 34359738368 / 32], which maps to Largest [LargestMinGB=32, LargerMinGB=12, DefaultMinGB=8, SmallerMinGB=6, SmallestMinGB=0)
[2019.01.19-15.54.14:192][  0]LogConfig: Setting CVar [[r.Vulkan.UseRealUBs:1]]
[2019.01.19-15.54.14:192][  0]LogInit: Going up to parent DeviceProfile []
[2019.01.19-15.54.14:193][  0]LogConfig: Applying CVar settings from Section [ViewDistanceQuality@3] File [G:/Epic Games/Projects/Spudance/FPS_Project/Saved/Config/Windows/Scalability.ini]
[2019.01.19-15.54.14:193][  0]LogConfig: Setting CVar [[r.SkeletalMeshLODBias:0]]
[2019.01.19-15.54.14:193][  0]LogConfig: Setting CVar [[r.ViewDistanceScale:1.0]]
[2019.01.19-15.54.14:193][  0]LogConfig: Applying CVar settings from Section [AntiAliasingQuality@3] File [G:/Epic Games/Projects/Spudance/FPS_Project/Saved/Config/Windows/Scalability.ini]
[2019.01.19-15.54.14:193][  0]LogConfig: Setting CVar [[r.PostProcessAAQuality:4]]
[2019.01.19-15.54.14:193][  0]LogConfig: Applying CVar settings from Section [ShadowQuality@3] File [G:/Epic Games/Projects/Spudance/FPS_Project/Saved/Config/Windows/Scalability.ini]
[2019.01.19-15.54.14:193][  0]LogConfig: Setting CVar [[r.LightFunctionQuality:1]]
[2019.01.19-15.54.14:193][  0]LogConfig: Setting CVar [[r.ShadowQuality:5]]
[2019.01.19-15.54.14:193][  0]LogConfig: Setting CVar [[r.Shadow.CSM.MaxCascades:10]]
[2019.01.19-15.54.14:193][  0]LogConfig: Setting CVar [[r.Shadow.MaxResolution:2048]]
[2019.01.19-15.54.14:193][  0]LogConfig: Setting CVar [[r.Shadow.MaxCSMResolution:2048]]
[2019.01.19-15.54.14:193][  0]LogConfig: Setting CVar [[r.Shadow.RadiusThreshold:0.01]]
[2019.01.19-15.54.14:193][  0]LogConfig: Setting CVar [[r.Shadow.DistanceScale:1.0]]
[2019.01.19-15.54.14:193][  0]LogConfig: Setting CVar [[r.Shadow.CSM.TransitionScale:1.0]]
[2019.01.19-15.54.14:193][  0]LogConfig: Setting CVar [[r.Shadow.PreShadowResolutionFactor:1.0]]
[2019.01.19-15.54.14:193][  0]LogConfig: Setting CVar [[r.DistanceFieldShadowing:1]]
[2019.01.19-15.54.14:193][  0]LogConfig: Setting CVar [[r.DistanceFieldAO:1]]
[2019.01.19-15.54.14:193][  0]LogConfig: Setting CVar [[r.AOQuality:2]]
[2019.01.19-15.54.14:193][  0]LogConfig: Setting CVar [[r.VolumetricFog:1]]
[2019.01.19-15.54.14:193][  0]LogConfig: Setting CVar [[r.VolumetricFog.GridPixelSize:8]]
[2019.01.19-15.54.14:193][  0]LogConfig: Setting CVar [[r.VolumetricFog.GridSizeZ:128]]
[2019.01.19-15.54.14:193][  0]LogConfig: Setting CVar [[r.VolumetricFog.HistoryMissSupersampleCount:4]]
[2019.01.19-15.54.14:193][  0]LogConfig: Setting CVar [[r.LightMaxDrawDistanceScale:1]]
[2019.01.19-15.54.14:193][  0]LogConfig: Setting CVar [[r.CapsuleShadows:1]]
[2019.01.19-15.54.14:193][  0]LogConfig: Applying CVar settings from Section [PostProcessQuality@3] File [G:/Epic Games/Projects/Spudance/FPS_Project/Saved/Config/Windows/Scalability.ini]
[2019.01.19-15.54.14:193][  0]LogConfig: Setting CVar [[r.MotionBlurQuality:4]]
[2019.01.19-15.54.14:193][  0]LogConfig: Setting CVar [[r.AmbientOcclusionMipLevelFactor:0.4]]
[2019.01.19-15.54.14:193][  0]LogConfig: Setting CVar [[r.AmbientOcclusionMaxQuality:100]]
[2019.01.19-15.54.14:193][  0]LogConfig: Setting CVar [[r.AmbientOcclusionLevels:-1]]
[2019.01.19-15.54.14:193][  0]LogConfig: Setting CVar [[r.AmbientOcclusionRadiusScale:1.0]]
[2019.01.19-15.54.14:193][  0]LogConfig: Setting CVar [[r.DepthOfFieldQuality:2]]
[2019.01.19-15.54.14:193][  0]LogConfig: Setting CVar [[r.RenderTargetPoolMin:400]]
[2019.01.19-15.54.14:193][  0]LogConfig: Setting CVar [[r.LensFlareQuality:2]]
[2019.01.19-15.54.14:193][  0]LogConfig: Setting CVar [[r.SceneColorFringeQuality:1]]
[2019.01.19-15.54.14:193][  0]LogConfig: Setting CVar [[r.EyeAdaptationQuality:2]]
[2019.01.19-15.54.14:193][  0]LogConfig: Setting CVar [[r.BloomQuality:5]]
[2019.01.19-15.54.14:193][  0]LogConfig: Setting CVar [[r.FastBlurThreshold:100]]
[2019.01.19-15.54.14:193][  0]LogConfig: Setting CVar [[r.Upscale.Quality:3]]
[2019.01.19-15.54.14:193][  0]LogConfig: Setting CVar [[r.Tonemapper.GrainQuantization:1]]
[2019.01.19-15.54.14:193][  0]LogConfig: Setting CVar [[r.LightShaftQuality:1]]
[2019.01.19-15.54.14:193][  0]LogConfig: Setting CVar [[r.Filter.SizeScale:1]]
[2019.01.19-15.54.14:193][  0]LogConfig: Setting CVar [[r.Tonemapper.Quality:5]]
[2019.01.19-15.54.14:193][  0]LogConfig: Setting CVar [[r.DOF.Gather.AccumulatorQuality:1        ; higher gathering accumulator quality]]
[2019.01.19-15.54.14:193][  0]LogConfig: Setting CVar [[r.DOF.Gather.PostfilterMethod:1          ; Median3x3 postfilering method]]
[2019.01.19-15.54.14:193][  0]LogConfig: Setting CVar [[r.DOF.Gather.EnableBokehSettings:0       ; no bokeh simulation when gathering]]
[2019.01.19-15.54.14:193][  0]LogConfig: Setting CVar [[r.DOF.Gather.RingCount:4                 ; medium number of samples when gathering]]
[2019.01.19-15.54.14:193][  0]LogConfig: Setting CVar [[r.DOF.Scatter.ForegroundCompositing:1    ; additive foreground scattering]]
[2019.01.19-15.54.14:193][  0]LogConfig: Setting CVar [[r.DOF.Scatter.BackgroundCompositing:2    ; additive background scattering]]
[2019.01.19-15.54.14:193][  0]LogConfig: Setting CVar [[r.DOF.Scatter.EnableBokehSettings:1      ; bokeh simulation when scattering]]
[2019.01.19-15.54.14:193][  0]LogConfig: Setting CVar [[r.DOF.Scatter.MaxSpriteRatio:0.1         ; only a maximum of 10% of scattered bokeh]]
[2019.01.19-15.54.14:193][  0]LogConfig: Setting CVar [[r.DOF.Recombine.Quality:1                ; cheap slight out of focus]]
[2019.01.19-15.54.14:193][  0]LogConfig: Setting CVar [[r.DOF.Recombine.EnableBokehSettings:0    ; no bokeh simulation on slight out of focus]]
[2019.01.19-15.54.14:193][  0]LogConfig: Setting CVar [[r.DOF.TemporalAAQuality:1                ; more stable temporal accumulation]]
[2019.01.19-15.54.14:193][  0]LogConfig: Setting CVar [[r.DOF.Kernel.MaxForegroundRadius:0.025]]
[2019.01.19-15.54.14:193][  0]LogConfig: Setting CVar [[r.DOF.Kernel.MaxBackgroundRadius:0.025]]
[2019.01.19-15.54.14:193][  0]LogConfig: Applying CVar settings from Section [TextureQuality@3] File [G:/Epic Games/Projects/Spudance/FPS_Project/Saved/Config/Windows/Scalability.ini]
[2019.01.19-15.54.14:193][  0]LogConfig: Setting CVar [[r.Streaming.MipBias:0]]
[2019.01.19-15.54.14:193][  0]LogConfig: Setting CVar [[r.Streaming.AmortizeCPUToGPUCopy:0]]
[2019.01.19-15.54.14:193][  0]LogConfig: Setting CVar [[r.Streaming.MaxNumTexturesToStreamPerFrame:0]]
[2019.01.19-15.54.14:193][  0]LogConfig: Setting CVar [[r.Streaming.Boost:1]]
[2019.01.19-15.54.14:193][  0]LogConfig: Setting CVar [[r.MaxAnisotropy:8]]
[2019.01.19-15.54.14:193][  0]LogConfig: Setting CVar [[r.Streaming.LimitPoolSizeToVRAM:0]]
[2019.01.19-15.54.14:193][  0]LogConfig: Setting CVar [[r.Streaming.PoolSize:1000]]
[2019.01.19-15.54.14:193][  0]LogConfig: Setting CVar [[r.Streaming.MaxEffectiveScreenSize:0]]
[2019.01.19-15.54.14:193][  0]LogConfig: Applying CVar settings from Section [EffectsQuality@3] File [G:/Epic Games/Projects/Spudance/FPS_Project/Saved/Config/Windows/Scalability.ini]
[2019.01.19-15.54.14:193][  0]LogConfig: Setting CVar [[r.TranslucencyLightingVolumeDim:64]]
[2019.01.19-15.54.14:193][  0]LogConfig: Setting CVar [[r.RefractionQuality:2]]
[2019.01.19-15.54.14:193][  0]LogConfig: Setting CVar [[r.SSR.Quality:3]]
[2019.01.19-15.54.14:193][  0]LogConfig: Setting CVar [[r.SceneColorFormat:4]]
[2019.01.19-15.54.14:193][  0]LogConfig: Setting CVar [[r.DetailMode:2]]
[2019.01.19-15.54.14:193][  0]LogConfig: Setting CVar [[r.TranslucencyVolumeBlur:1]]
[2019.01.19-15.54.14:193][  0]LogConfig: Setting CVar [[r.MaterialQualityLevel:1 ; High quality]]
[2019.01.19-15.54.14:193][  0]LogConfig: Setting CVar [[r.SSS.Scale:1]]
[2019.01.19-15.54.14:193][  0]LogConfig: Setting CVar [[r.SSS.SampleSet:2]]
[2019.01.19-15.54.14:193][  0]LogConfig: Setting CVar [[r.SSS.Quality:1]]
[2019.01.19-15.54.14:193][  0]LogConfig: Setting CVar [[r.SSS.HalfRes:1]]
[2019.01.19-15.54.14:193][  0]LogConfig: Setting CVar [[r.EmitterSpawnRateScale:1.0]]
[2019.01.19-15.54.14:193][  0]LogConfig: Setting CVar [[r.ParticleLightQuality:2]]
[2019.01.19-15.54.14:193][  0]LogConfig: Applying CVar settings from Section [FoliageQuality@3] File [G:/Epic Games/Projects/Spudance/FPS_Project/Saved/Config/Windows/Scalability.ini]
[2019.01.19-15.54.14:193][  0]LogConfig: Setting CVar [[foliage.DensityScale:1.0]]
[2019.01.19-15.54.14:193][  0]LogConfig: Setting CVar [[grass.DensityScale:1.0]]
[2019.01.19-15.54.14:193][  0]LogConfig: Applying CVar settings from Section [Startup] File [../../../Engine/Config/ConsoleVariables.ini]
[2019.01.19-15.54.14:193][  0]LogConfig: Setting CVar [[net.UseAdaptiveNetUpdateFrequency:0]]
[2019.01.19-15.54.14:193][  0]LogConfig: Applying CVar settings from Section [ConsoleVariables] File [G:/Epic Games/Projects/Spudance/FPS_Project/Saved/Config/Windows/Engine.ini]
[2019.01.19-15.54.14:193][  0]LogInit: Computer: DESKTOP-NU35TM4
[2019.01.19-15.54.14:193][  0]LogInit: User: Tariq
[2019.01.19-15.54.14:193][  0]LogInit: CPU Page size=4096, Cores=6
[2019.01.19-15.54.14:193][  0]LogInit: High frequency timer resolution =3.914059 MHz
[2019.01.19-15.54.14:193][  0]LogMemory: Memory total: Physical=31.9GB (32GB approx)
[2019.01.19-15.54.14:193][  0]LogMemory: Platform Memory Stats for Windows
[2019.01.19-15.54.14:193][  0]LogMemory: Process Physical Memory: 104.72 MB used, 104.72 MB peak
[2019.01.19-15.54.14:193][  0]LogMemory: Process Virtual Memory: 92.71 MB used, 92.71 MB peak
[2019.01.19-15.54.14:193][  0]LogMemory: Physical Memory: 7022.45 MB used,  25687.80 MB free, 32710.25 MB total
[2019.01.19-15.54.14:193][  0]LogMemory: Virtual Memory: 4666.63 MB used,  134213064.00 MB free, 134217728.00 MB total
[2019.01.19-15.54.14:212][  0]LogInit: Using OS detected language (en-US).
[2019.01.19-15.54.14:212][  0]LogInit: Using OS detected locale (en-GB).
[2019.01.19-15.54.14:213][  0]LogTextLocalizationManager: No specific localization for 'en-US' exists, so the 'en' localization will be used.
[2019.01.19-15.54.14:492][  0]LogStreaming: Display: Took  0.280s to InitEngineTextLocalization.
[2019.01.19-15.54.14:492][  0]LogInit: Setting process to per monitor DPI aware
[2019.01.19-15.54.14:518][  0]LogSlate: New Slate User Created.  User Index 0, Is Virtual User: 0
[2019.01.19-15.54.14:518][  0]LogSlate: Slate User Registered.  User Index 0, Is Virtual User: 0
[2019.01.19-15.54.14:762][  0]LogHMD: Failed to initialize OpenVR with code 110
[2019.01.19-15.54.14:762][  0]LogD3D11RHI: D3D11 adapters:
[2019.01.19-15.54.14:840][  0]LogD3D11RHI:    0. 'NVIDIA GeForce GTX 1080 Ti' (Feature Level 11_0)
[2019.01.19-15.54.14:840][  0]LogD3D11RHI:       11127/0/16355 MB DedicatedVideo/DedicatedSystem/SharedSystem, Outputs:2, VendorId:0x10de
[2019.01.19-15.54.14:842][  0]LogD3D11RHI:    1. 'Microsoft Basic Render Driver' (Feature Level 11_0)
[2019.01.19-15.54.14:842][  0]LogD3D11RHI:       0/0/16355 MB DedicatedVideo/DedicatedSystem/SharedSystem, Outputs:0, VendorId:0x1414
[2019.01.19-15.54.14:842][  0]LogD3D11RHI: Chosen D3D11 Adapter: 0
[2019.01.19-15.54.14:847][  0]LogD3D11RHI: Creating new Direct3DDevice
[2019.01.19-15.54.14:847][  0]LogD3D11RHI:     GPU DeviceId: 0x1b06 (for the marketing name, search the web for "GPU Device Id")
[2019.01.19-15.54.14:847][  0]LogWindows: EnumDisplayDevices:
[2019.01.19-15.54.14:847][  0]LogWindows:    0. 'NVIDIA GeForce GTX 1080 Ti' (P:1 D:1)
[2019.01.19-15.54.14:847][  0]LogWindows:    1. 'NVIDIA GeForce GTX 1080 Ti' (P:0 D:1)
[2019.01.19-15.54.14:847][  0]LogWindows:    2. 'NVIDIA GeForce GTX 1080 Ti' (P:0 D:0)
[2019.01.19-15.54.14:848][  0]LogWindows:    3. 'NVIDIA GeForce GTX 1080 Ti' (P:0 D:0)
[2019.01.19-15.54.14:848][  0]LogWindows: DebugString: FoundDriverCount:4 
[2019.01.19-15.54.14:848][  0]LogD3D11RHI:     Adapter Name: NVIDIA GeForce GTX 1080 Ti
[2019.01.19-15.54.14:848][  0]LogD3D11RHI:   Driver Version: 417.35 (internal:25.21.14.1735, unified:417.35)
[2019.01.19-15.54.14:848][  0]LogD3D11RHI:      Driver Date: 12-11-2018
[2019.01.19-15.54.14:848][  0]LogRHI: Texture pool is 7788 MB (70% of 11127 MB)
[2019.01.19-15.54.14:879][  0]LogD3D11RHI: Async texture creation enabled
[2019.01.19-15.54.14:896][  0]LogD3D11RHI: GPU Timing Frequency: 1000.000000 (Debug: 2 2)
[2019.01.19-15.54.15:202][  0]LogTemp: Display: Loaded TP AllDesktopTargetPlatform
[2019.01.19-15.54.15:211][  0]LogTemp: Display: Loaded TP MacClientTargetPlatform
[2019.01.19-15.54.15:220][  0]LogTemp: Display: Loaded TP MacNoEditorTargetPlatform
[2019.01.19-15.54.15:230][  0]LogTemp: Display: Loaded TP MacServerTargetPlatform
[2019.01.19-15.54.15:239][  0]LogTemp: Display: Loaded TP MacTargetPlatform
[2019.01.19-15.54.15:249][  0]LogTemp: Display: Loaded TP WindowsClientTargetPlatform
[2019.01.19-15.54.15:258][  0]LogTemp: Display: Loaded TP WindowsNoEditorTargetPlatform
[2019.01.19-15.54.15:267][  0]LogTemp: Display: Loaded TP WindowsServerTargetPlatform
[2019.01.19-15.54.15:272][  0]LogTemp: Display: Loaded TP WindowsTargetPlatform
[2019.01.19-15.54.15:325][  0]LogTemp: Display: Loaded TP AndroidTargetPlatform
[2019.01.19-15.54.15:325][  0]LogTemp: Display: Loaded TP AndroidTargetPlatform
[2019.01.19-15.54.15:325][  0]LogTemp: Display: Loaded TP AndroidTargetPlatform
[2019.01.19-15.54.15:325][  0]LogTemp: Display: Loaded TP AndroidTargetPlatform
[2019.01.19-15.54.15:325][  0]LogTemp: Display: Loaded TP AndroidTargetPlatform
[2019.01.19-15.54.15:325][  0]LogTemp: Display: Loaded TP AndroidTargetPlatform
[2019.01.19-15.54.15:325][  0]LogTemp: Display: Loaded TP AndroidTargetPlatform
[2019.01.19-15.54.15:325][  0]LogTemp: Display: Loaded TP AndroidTargetPlatform
[2019.01.19-15.54.15:325][  0]LogTemp: Display: Loaded TP AndroidTargetPlatform
[2019.01.19-15.54.15:325][  0]LogTemp: Display: Loaded TP AndroidTargetPlatform
[2019.01.19-15.54.15:325][  0]LogTemp: Display: Loaded TP AndroidTargetPlatform
[2019.01.19-15.54.15:325][  0]LogTemp: Display: Loaded TP AndroidTargetPlatform
[2019.01.19-15.54.15:325][  0]LogTemp: Display: Loaded TP AndroidTargetPlatform
[2019.01.19-15.54.15:325][  0]LogTemp: Display: Loaded TP AndroidTargetPlatform
[2019.01.19-15.54.15:325][  0]LogTemp: Display: Loaded TP AndroidTargetPlatform
[2019.01.19-15.54.15:325][  0]LogTemp: Display: Loaded TP AndroidTargetPlatform
[2019.01.19-15.54.15:325][  0]LogTemp: Display: Loaded TP AndroidTargetPlatform
[2019.01.19-15.54.15:325][  0]LogTemp: Display: Loaded TP AndroidTargetPlatform
[2019.01.19-15.54.15:327][  0]LogTemp: Display: Loaded TP HTML5TargetPlatform
[2019.01.19-15.54.15:380][  0]LogTemp: Display: Loaded TP IOSTargetPlatform
[2019.01.19-15.54.15:380][  0]LogTemp: Display: Loaded TP IOSTargetPlatform
[2019.01.19-15.54.15:398][  0]LogTemp: Display: Loaded TP TVOSTargetPlatform
[2019.01.19-15.54.15:398][  0]LogTemp: Display: Loaded TP TVOSTargetPlatform
[2019.01.19-15.54.15:407][  0]LogTemp: Display: Loaded TP LinuxClientTargetPlatform
[2019.01.19-15.54.15:416][  0]LogTemp: Display: Loaded TP LinuxNoEditorTargetPlatform
[2019.01.19-15.54.15:424][  0]LogTemp: Display: Loaded TP LinuxServerTargetPlatform
[2019.01.19-15.54.15:433][  0]LogTemp: Display: Loaded TP LinuxTargetPlatform
[2019.01.19-15.54.15:464][  0]LogTemp: Display: Loaded TP LuminTargetPlatform
[2019.01.19-15.54.15:464][  0]LogTemp: Display: Loaded TP LuminTargetPlatform
[2019.01.19-15.54.15:464][  0]LogTargetPlatformManager: Display: Building Assets For Windows
[2019.01.19-15.54.15:506][  0]LogShaderCompilers: Guid format shader working directory is 5 characters bigger than the processId version (../../../../Projects/Spudance/FPS_Project/Intermediate/Shaders/WorkingDirectory/9048/).
[2019.01.19-15.54.15:506][  0]LogShaderCompilers: Cleaned the shader compiler working directory 'C:/Users/Tariq/AppData/Local/Temp/UnrealShaderWorkingDir/372A009C48AFD1E24E8DE3B16BC2E6F3/'.
[2019.01.19-15.54.15:507][  0]LogXGEController: Cleaning working directory: C:/Users/Tariq/AppData/Local/Temp/UnrealXGEWorkingDir/
[2019.01.19-15.54.15:507][  0]LogXGEController: Cannot use XGE Controller as Incredibuild is not installed on this machine.
[2019.01.19-15.54.15:507][  0]LogShaderCompilers: Cannot use XGE Shader Compiler as Incredibuild is not installed on this machine.
[2019.01.19-15.54.15:507][  0]LogShaderCompilers: Display: Using Local Shader Compiler.
[2019.01.19-15.54.15:922][  0]LogDerivedDataCache: Display: Max Cache Size: 512 MB
[2019.01.19-15.54.15:962][  0]LogDerivedDataCache: Loaded boot cache 0.04s 71MB C:/Users/Tariq/AppData/Local/UnrealEngine/4.21/DerivedDataCache/Boot.ddc.
[2019.01.19-15.54.15:962][  0]LogDerivedDataCache: Display: Loaded Boot cache: C:/Users/Tariq/AppData/Local/UnrealEngine/4.21/DerivedDataCache/Boot.ddc
[2019.01.19-15.54.15:962][  0]LogDerivedDataCache: FDerivedDataBackendGraph:  Pak pak cache file ../../../../Projects/Spudance/FPS_Project/DerivedDataCache/DDC.ddp not found, will not use a pak cache.
[2019.01.19-15.54.15:962][  0]LogDerivedDataCache: Unable to find inner node Pak for hierarchical cache Hierarchy.
[2019.01.19-15.54.15:962][  0]LogDerivedDataCache: FDerivedDataBackendGraph:  CompressedPak pak cache file ../../../../Projects/Spudance/FPS_Project/DerivedDataCache/Compressed.ddp not found, will not use a pak cache.
[2019.01.19-15.54.15:962][  0]LogDerivedDataCache: Unable to find inner node CompressedPak for hierarchical cache Hierarchy.
[2019.01.19-15.54.15:972][  0]LogDerivedDataCache: Display: Pak cache opened for reading ../../../Engine/DerivedDataCache/Compressed.ddp.
[2019.01.19-15.54.15:972][  0]LogDerivedDataCache: FDerivedDataBackendGraph:  EnterprisePak pak cache file ../../../Enterprise/DerivedDataCache/Compressed.ddp not found, will not use a pak cache.
[2019.01.19-15.54.15:972][  0]LogDerivedDataCache: Unable to find inner node EnterprisePak for hierarchical cache Hierarchy.
[2019.01.19-15.54.15:984][  0]LogDerivedDataCache: Using Local data cache path C:/Users/Tariq/AppData/Local/UnrealEngine/Common/DerivedDataCache: Writable
[2019.01.19-15.54.15:984][  0]LogDerivedDataCache: Shared data cache path not found in *engine.ini, will not use an Shared cache.
[2019.01.19-15.54.15:984][  0]LogDerivedDataCache: Unable to find inner node Shared for hierarchical cache Hierarchy.
[2019.01.19-15.54.16:000][  0]LogMaterial: Verifying Global Shaders for PCD3D_SM5
[2019.01.19-15.54.16:002][  0]LogSlate: Using FreeType 2.6.0
[2019.01.19-15.54.16:002][  0]LogSlate: SlateFontServices - WITH_FREETYPE: 1, WITH_HARFBUZZ: 1
[2019.01.19-15.54.16:082][  0]LogAssetRegistry: FAssetRegistry took 0.0298 seconds to start up
[2019.01.19-15.54.16:312][  0]LogInit: Selected Device Profile: [Windows]
[2019.01.19-15.54.16:426][  0]LogSimplygon: Simplygon DLL not present - disabling.
[2019.01.19-15.54.16:429][  0]LogMeshReduction: Using SimplygonSwarm for distributed automatic mesh merging
[2019.01.19-15.54.16:429][  0]LogMeshReduction: Using ProxyLODMeshReduction for automatic mesh merging
[2019.01.19-15.54.16:429][  0]LogMeshReduction: Using QuadricMeshReduction for automatic static mesh reduction
[2019.01.19-15.54.16:429][  0]LogMeshReduction: No automatic skeletal mesh reduction module available
[2019.01.19-15.54.16:439][  0]LogNetVersion: FPS_Project 1.0.0, NetCL: 4541578, EngineNetVer: 5, GameNetVer: 0 (Checksum: 684645386)
[2019.01.19-15.54.16:812][  0]LogPackageLocalizationCache: Processed 11 localized package path(s) for 2 prioritized culture(s) in 0.056815 seconds
[2019.01.19-15.54.16:817][  0]LogUObjectArray: 39775 objects as part of root set at end of initial load.
[2019.01.19-15.54.16:817][  0]LogUObjectAllocator: 6914656 out of 0 bytes used by permanent object pool.
[2019.01.19-15.54.16:817][  0]LogUObjectArray: CloseDisregardForGC: 0/0 objects in disregard for GC pool
[2019.01.19-15.54.17:572][  0]LogTcpMessaging: Initializing TcpMessaging bridge
[2019.01.19-15.54.17:584][  0]LogUdpMessaging: Initializing bridge on interface 0.0.0.0:0 to multicast group 230.0.0.1:6666.
[2019.01.19-15.54.18:222][  0]SourceControl: Source control is disabled
[2019.01.19-15.54.18:749][  0]LogAndroidPermission: UAndroidPermissionCallbackProxy::GetInstance
[2019.01.19-15.54.18:840][  0]LogOcInput: OculusInput pre-init called
[2019.01.19-15.54.18:966][  0]LogEngine: Initializing Engine...
[2019.01.19-15.54.18:967][  0]LogHMD: Failed to initialize OpenVR with code 110
[2019.01.19-15.54.18:967][  0]LogStats: UGameplayTagsManager::ConstructGameplayTagTree: ImportINI prefixes -  0.000 s
[2019.01.19-15.54.18:967][  0]LogStats: UGameplayTagsManager::ConstructGameplayTagTree: Construct from data asset -  0.000 s
[2019.01.19-15.54.18:968][  0]LogStats: UGameplayTagsManager::ConstructGameplayTagTree: ImportINI -  0.000 s
[2019.01.19-15.54.18:968][  0]LogStats: UGameplayTagsManager::ConstructGameplayTagTree: GameplayTagTreeChangedEvent.Broadcast -  0.000 s
[2019.01.19-15.54.19:144][  0]LogInit: Initializing FReadOnlyCVARCache
[2019.01.19-15.54.19:155][  0]LogAIModule: Creating AISystem for world Untitled
[2019.01.19-15.54.19:174][  0]LogInit: XAudio2 using 'Headphones (SteelSeries Arctis Pro Game)' : 2 channels at 48 kHz using 16 bits per sample (channel mask 0x3)
[2019.01.19-15.54.19:211][  0]LogInit: FAudioDevice initialized.
[2019.01.19-15.54.19:211][  0]LogNetVersion: Set ProjectVersion to 1.0.0.0. Version Checksum will be recalculated on next use.
[2019.01.19-15.54.19:251][  0]LogDerivedDataCache: Saved boot cache 0.04s 71MB C:/Users/Tariq/AppData/Local/UnrealEngine/4.21/DerivedDataCache/Boot.ddc.
[2019.01.19-15.54.19:262][  0]LogInit: Texture streaming: Enabled
[2019.01.19-15.54.19:275][  0]LogEngineSessionManager: EngineSessionManager initialized
[2019.01.19-15.54.19:275][  0]LogEngineSessionManager: EngineSessionManager sent abnormal shutdown report. Type=Crashed, SessionId={97F7C5E9-4AAE-5400-7B61-BAA761870320}
[2019.01.19-15.54.19:284][  0]LogInit: Transaction tracking system initialized
[2019.01.19-15.54.19:301][  0]BlueprintLog: New page: Editor Load
[2019.01.19-15.54.19:359][  0]LocalizationService: Localization service is disabled
[2019.01.19-15.54.19:681][  0]LogFileCache: Scanning file cache for directory 'G:/Epic Games/Projects/Spudance/FPS_Project/Content/' took 0.01s
[2019.01.19-15.54.19:681][  0]LogCook: Display: Max memory allowance for cook 16384mb min free memory 0mb
[2019.01.19-15.54.19:682][  0]LogCook: Display: Mobile HDR setting 1
[2019.01.19-15.54.19:682][  0]LogGameplayTags: Display: UGameplayTagsManager::DoneAddingNativeTags. DelegateIsBound: 0
[2019.01.19-15.54.19:682][  0]LogStats: UGameplayTagsManager::ConstructGameplayTagTree: ImportINI prefixes -  0.000 s
[2019.01.19-15.54.19:682][  0]LogStats: UGameplayTagsManager::ConstructGameplayTagTree: Construct from data asset -  0.000 s
[2019.01.19-15.54.19:682][  0]LogStats: UGameplayTagsManager::ConstructGameplayTagTree: ImportINI -  0.000 s
[2019.01.19-15.54.19:682][  0]LogStats: UGameplayTagsManager::ConstructGameplayTagTree: GameplayTagTreeChangedEvent.Broadcast -  0.000 s
[2019.01.19-15.54.19:781][  0]Cmd: MAP LOAD FILE="../../../Engine/Content/Maps/Entry.umap" TEMPLATE=0 SHOWPROGRESS=1 FEATURELEVEL=3
[2019.01.19-15.54.19:781][  0]LightingResults: New page: Lighting Build
[2019.01.19-15.54.19:783][  0]MapCheck: New page: Map Check
[2019.01.19-15.54.19:783][  0]LightingResults: New page: Lighting Build
[2019.01.19-15.54.19:833][  0]LogAIModule: Creating AISystem for world Entry
[2019.01.19-15.54.19:833][  0]LogEditorServer: Finished looking for orphan Actors (0.000 secs)
[2019.01.19-15.54.19:855][  0]Cmd: MAP CHECKDEP NOCLEARLOG
[2019.01.19-15.54.19:855][  0]MapCheck: Map check complete: 0 Error(s), 0 Warning(s), took 0.088ms to complete.
[2019.01.19-15.54.19:855][  0]LogFileHelpers: Loading map 'Entry' took 0.074
[2019.01.19-15.54.19:940][  0]LogSlate: Updating window title bar state: overlay mode, drag disabled, window buttons hidden, title bar hidden
[2019.01.19-15.54.19:947][  0]LogSlate: Updating window title bar state: overlay mode, drag disabled, window buttons hidden, title bar hidden
[2019.01.19-15.54.19:954][  0]LogSlate: Updating window title bar state: overlay mode, drag disabled, window buttons hidden, title bar hidden
[2019.01.19-15.54.19:960][  0]LogSlate: Updating window title bar state: overlay mode, drag disabled, window buttons hidden, title bar hidden
[2019.01.19-15.54.19:964][  0]LogCollectionManager: Loaded 0 collections in 0.001388 seconds
[2019.01.19-15.54.20:003][  0]LogFileCache: Scanning file cache for directory 'G:/Epic Games/Projects/Spudance/FPS_Project/Saved/Collections/' took 0.01s
[2019.01.19-15.54.20:003][  0]LogFileCache: Scanning file cache for directory 'G:/Epic Games/Projects/Spudance/FPS_Project/Content/Developers/Tariq/Collections/' took 0.01s
[2019.01.19-15.54.20:003][  0]LogFileCache: Scanning file cache for directory 'G:/Epic Games/Projects/Spudance/FPS_Project/Content/Collections/' took 0.01s
[2019.01.19-15.54.20:003][  0]LogCollectionManager: Rebuilt the GUID cache for 0 collections in 0.000001 seconds
[2019.01.19-15.54.20:010][  0]LogContentBrowser: Native class hierarchy populated in 0.0066 seconds. Added 2651 classes and 620 folders.
[2019.01.19-15.54.20:015][  0]LogContentBrowser: Native class hierarchy updated for 'WidgetCarousel' in 0.0002 seconds. Added 0 classes and 0 folders.
[2019.01.19-15.54.20:017][  0]LogPakFile: Registered encryption key '00000000000000000000000000000000': 0 pak files mounted, 0 remain pending
[2019.01.19-15.54.20:017][  0]LogPakFile: Registered encryption key '00000000000000000000000000000000': 0 pak files mounted, 0 remain pending
[2019.01.19-15.54.20:018][  0]LogPakFile: Registered encryption key '00000000000000000000000000000000': 0 pak files mounted, 0 remain pending
[2019.01.19-15.54.20:019][  0]LogPakFile: Registered encryption key '00000000000000000000000000000000': 0 pak files mounted, 0 remain pending
[2019.01.19-15.54.20:019][  0]LogPakFile: Registered encryption key '00000000000000000000000000000000': 0 pak files mounted, 0 remain pending
[2019.01.19-15.54.20:020][  0]LogPakFile: Registered encryption key '00000000000000000000000000000000': 0 pak files mounted, 0 remain pending
[2019.01.19-15.54.20:020][  0]LogPakFile: Registered encryption key '00000000000000000000000000000000': 0 pak files mounted, 0 remain pending
[2019.01.19-15.54.20:021][  0]LogPakFile: Registered encryption key '00000000000000000000000000000000': 0 pak files mounted, 0 remain pending
[2019.01.19-15.54.20:021][  0]LogPakFile: Registered encryption key '00000000000000000000000000000000': 0 pak files mounted, 0 remain pending
[2019.01.19-15.54.20:022][  0]LogPakFile: Registered encryption key '00000000000000000000000000000000': 0 pak files mounted, 0 remain pending
[2019.01.19-15.54.20:022][  0]LogPakFile: Registered encryption key '00000000000000000000000000000000': 0 pak files mounted, 0 remain pending
[2019.01.19-15.54.20:023][  0]LogPakFile: Registered encryption key '00000000000000000000000000000000': 0 pak files mounted, 0 remain pending
[2019.01.19-15.54.20:023][  0]LogPakFile: Registered encryption key '00000000000000000000000000000000': 0 pak files mounted, 0 remain pending
[2019.01.19-15.54.20:024][  0]LogPakFile: Registered encryption key '00000000000000000000000000000000': 0 pak files mounted, 0 remain pending
[2019.01.19-15.54.20:024][  0]LogPakFile: Registered encryption key '00000000000000000000000000000000': 0 pak files mounted, 0 remain pending
[2019.01.19-15.54.20:025][  0]LogPakFile: Registered encryption key '00000000000000000000000000000000': 0 pak files mounted, 0 remain pending
[2019.01.19-15.54.20:026][  0]LogPakFile: Registered encryption key '00000000000000000000000000000000': 0 pak files mounted, 0 remain pending
[2019.01.19-15.54.20:026][  0]LogPakFile: Registered encryption key '00000000000000000000000000000000': 0 pak files mounted, 0 remain pending
[2019.01.19-15.54.20:027][  0]LogPakFile: Registered encryption key '00000000000000000000000000000000': 0 pak files mounted, 0 remain pending
[2019.01.19-15.54.20:027][  0]LogPakFile: Registered encryption key '00000000000000000000000000000000': 0 pak files mounted, 0 remain pending
[2019.01.19-15.54.20:028][  0]LogPakFile: Registered encryption key '00000000000000000000000000000000': 0 pak files mounted, 0 remain pending
[2019.01.19-15.54.20:028][  0]LogPakFile: Registered encryption key '00000000000000000000000000000000': 0 pak files mounted, 0 remain pending
[2019.01.19-15.54.20:029][  0]LogPakFile: Registered encryption key '00000000000000000000000000000000': 0 pak files mounted, 0 remain pending
[2019.01.19-15.54.20:029][  0]LogPakFile: Registered encryption key '00000000000000000000000000000000': 0 pak files mounted, 0 remain pending
[2019.01.19-15.54.20:030][  0]LogPakFile: Registered encryption key '00000000000000000000000000000000': 0 pak files mounted, 0 remain pending
[2019.01.19-15.54.20:031][  0]LogPakFile: Registered encryption key '00000000000000000000000000000000': 0 pak files mounted, 0 remain pending
[2019.01.19-15.54.20:069][  0]LogContentBrowser: Native class hierarchy updated for 'AddContentDialog' in 0.0002 seconds. Added 0 classes and 0 folders.
[2019.01.19-15.54.20:073][  0]LogContentBrowser: Native class hierarchy updated for 'SceneOutliner' in 0.0002 seconds. Added 1 classes and 2 folders.
[2019.01.19-15.54.20:085][  0]LogSlate: Took 0.000202 seconds to synchronously load lazily loaded font '../../../Engine/Content/Slate/Fonts/Roboto-Regular.ttf' (155K)
[2019.01.19-15.54.20:087][  0]LogSlate: Took 0.000173 seconds to synchronously load lazily loaded font '../../../Engine/Content/Slate/Fonts/Roboto-Bold.ttf' (160K)
[2019.01.19-15.54.20:090][  0]LogSlate: Took 0.000187 seconds to synchronously load lazily loaded font '../../../Engine/Content/Editor/Slate/Fonts/FontAwesome.ttf' (139K)
[2019.01.19-15.54.20:157][  0]LogRenderer: Reallocating scene render targets to support 1236x632 Format 10 NumSamples 1 (Frame:1).
[2019.01.19-15.54.20:301][  0]LogContentBrowser: Native class hierarchy updated for 'HierarchicalLODOutliner' in 0.0003 seconds. Added 0 classes and 0 folders.
[2019.01.19-15.54.20:301][  0]LogLoad: (Engine Initialization) Total time: 8.02 seconds
[2019.01.19-15.54.20:301][  0]LogLoad: (Engine Initialization) Total Blueprint compile time: 0.00 seconds
[2019.01.19-15.54.20:335][  0]LogAssetRegistry: Asset discovery search completed in 4.2746 seconds
[2019.01.19-15.54.20:336][  0]LogCollectionManager: Rebuilt the object cache for 0 collections in 0.000000 seconds (found 0 objects)
[2019.01.19-15.54.20:336][  0]LogCollectionManager: Fixed up redirectors for 0 collections in 0.000046 seconds (updated 0 objects)
[2019.01.19-15.54.20:338][  0]LogContentStreaming: Texture pool size now 1000 MB
[2019.01.19-15.54.20:373][  0]LogSlate: Took 0.000191 seconds to synchronously load lazily loaded font '../../../Engine/Content/Slate/Fonts/Roboto-Light.ttf' (167K)
[2019.01.19-15.54.21:699][  5]LogSlate: FSceneViewport::OnFocusLost() reason 0
[2019.01.19-15.54.27:044][591]LogSlate: Took 0.000180 seconds to synchronously load lazily loaded font '../../../Engine/Content/Slate/Fonts/Roboto-Light.ttf' (167K)
[2019.01.19-15.54.27:164][591]LogLinker: Warning: Can't find file '/Game/Blueprints/Maps/ThirdPersonExampleMap_BuiltData'
[2019.01.19-15.54.27:164][591]LogLinker: Warning: Can't find file for asset '/Game/Blueprints/Maps/ThirdPersonExampleMap_BuiltData' while loading ../../../../Projects/Spudance/FPS_Project/Content/Blueprints/Maps/ThirdPersonExampleMap.umap.
[2019.01.19-15.54.27:164][591]LoadErrors: Error: /Game/Blueprints/Maps/ThirdPersonExampleMap : Can't find file for asset. /Game/Blueprints/Maps/ThirdPersonExampleMap_BuiltData
[2019.01.19-15.54.27:166][591]LogLinker: Warning: Can't find file '/Game/Blueprints/Maps/ThirdPersonExampleMap_BuiltData'
[2019.01.19-15.54.27:166][591]LogLinker: Warning: Can't find file for asset '/Game/Blueprints/Maps/ThirdPersonExampleMap_BuiltData' while loading ../../../../Projects/Spudance/FPS_Project/Content/Blueprints/Maps/ThirdPersonExampleMap.umap.
[2019.01.19-15.54.27:172][591]LogLinker: Warning: Can't find file '/Game/Blueprints/Maps/ThirdPersonExampleMap_BuiltData'
[2019.01.19-15.54.27:172][591]LogLinker: Warning: Can't find file for asset '/Game/Blueprints/Maps/ThirdPersonExampleMap_BuiltData' while loading NULL.
[2019.01.19-15.54.27:172][591]LogLinker: Warning: Can't find file '/Game/Blueprints/Maps/ThirdPersonExampleMap_BuiltData'
[2019.01.19-15.54.27:172][591]LogLinker: Warning: Can't find file for asset '/Game/Blueprints/Maps/ThirdPersonExampleMap_BuiltData' while loading NULL.
[2019.01.19-15.54.27:203][591]LogLinker: Warning: Can't find file '/Game/Blueprints/Maps/ThirdPersonExampleMap_BuiltData'
[2019.01.19-15.54.27:203][591]LoadErrors: Failed to load /Game/Blueprints/Maps/ThirdPersonExampleMap_BuiltData.ThirdPersonExampleMap_BuiltData Referenced by PersistentLevel
[2019.01.19-15.54.27:203][591]LogLinker: Warning: Can't find file for asset '/Game/Blueprints/Maps/ThirdPersonExampleMap_BuiltData' while loading NULL.
[2019.01.19-15.54.27:298][591]LogAIModule: Creating AISystem for world ThirdPersonExampleMap
[2019.01.19-15.54.27:306][591]LogAssetEditorManager: Opening Asset editor for World /Game/Blueprints/Maps/ThirdPersonExampleMap.ThirdPersonExampleMap
[2019.01.19-15.54.27:330][591]Cmd: MAP LOAD FILE="../../../../Projects/Spudance/FPS_Project/Content/Blueprints/Maps/ThirdPersonExampleMap.umap" TEMPLATE=0 SHOWPROGRESS=1 FEATURELEVEL=3
[2019.01.19-15.54.27:330][591]LightingResults: New page: Lighting Build
[2019.01.19-15.54.27:330][591]LoadErrors: New page: Loading map: ThirdPersonExampleMap.umap
[2019.01.19-15.54.27:331][591]MapCheck: New page: Map Check
[2019.01.19-15.54.27:331][591]LightingResults: New page: Lighting Build
[2019.01.19-15.54.27:353][591]LogEditorServer: Finished looking for orphan Actors (0.000 secs)
[2019.01.19-15.54.27:377][591]Cmd: MAP CHECKDEP NOCLEARLOG
[2019.01.19-15.54.27:377][591]MapCheck: Map check complete: 0 Error(s), 0 Warning(s), took 0.062ms to complete.
[2019.01.19-15.54.27:377][591]LogFileHelpers: Loading map 'ThirdPersonExampleMap' took 0.048
[2019.01.19-15.54.31:087][ 26]LogSlate: FSceneViewport::OnFocusLost() reason 2
[2019.01.19-15.54.32:983][166]LogSlate: Only BGRA pngs, bmps or icos are supported in by External Image Picker
[2019.01.19-15.54.33:010][166]LogSlate: FSceneViewport::OnFocusLost() reason 2
[2019.01.19-15.54.33:041][167]LogTemp: Executing iPhonePackager certificates Engine -bundlename com.YourCompany.FPSProject
[2019.01.19-15.54.33:041][167]LogTemp: CWD: G:\Epic Games\UE_4.21\Engine\Binaries\DotNET\IOS
[2019.01.19-15.54.33:041][167]LogTemp: Initial Dir: G:\Epic Games\UE_4.21
[2019.01.19-15.54.33:041][167]LogTemp: Env CWD: G:\Epic Games\UE_4.21\Engine\Binaries\DotNET\IOS
[2019.01.19-15.54.33:041][167]LogTemp: BranchPath = DESKTOP-NU35TM4/G/Epic Games/UE_4.21/Engine/Binaries --- GameBranchPath = DESKTOP-NU35TM4/G/Epic Games/UE_4.21/Engine/Binaries
[2019.01.19-15.54.33:041][167]LogTemp: IPP ERROR: Could not find provision directory 'C:\Users\Tariq\AppData\Local/Apple Computer/MobileDevice/Provisioning Profiles/'.
[2019.01.19-15.54.35:918][499]SourceControl: fatal: /Script: '/Script' is outside repository
[2019.01.19-15.54.43:893][449]LogSlate: FSceneViewport::OnFocusLost() reason 0
[2019.01.19-15.54.51:055][172]LogSlate: Window 'Delete Assets' being destroyed
[2019.01.19-15.54.51:630][172]SourceControl: rm 'FPS_Project/Content/Blueprints/Blueprints/ThirdPersonCharacter.uasset'
[2019.01.19-15.54.55:106][469]LogSlate: Window 'Delete Assets' being destroyed
[2019.01.19-15.54.55:115][469]LightingResults: New page: Lighting Build
[2019.01.19-15.54.55:116][469]MapCheck: New page: Map Check
[2019.01.19-15.54.55:116][469]LightingResults: New page: Lighting Build
[2019.01.19-15.54.55:135][469]LogAIModule: Creating AISystem for world Untitled
[2019.01.19-15.54.55:141][469]LoadErrors: New page: New Map
[2019.01.19-15.54.55:143][469]LogLinker: Can't find file '/Game/Blueprints/Blueprints/ThirdPersonCharacter'
[2019.01.19-15.54.55:143][469]LogLinker: Can't find file for asset '/Game/Blueprints/Blueprints/ThirdPersonCharacter' while loading ../../../../Projects/Spudance/FPS_Project/Content/Blueprints/Maps/ThirdPersonExampleMap.umap.
[2019.01.19-15.54.55:157][469]LogLinker: Can't find file '/Game/Blueprints/Blueprints/ThirdPersonCharacter'
[2019.01.19-15.54.55:157][469]LogLinker: Can't find file for asset '/Game/Blueprints/Blueprints/ThirdPersonCharacter' while loading ../../../../Projects/Spudance/FPS_Project/Content/Blueprints/Maps/ThirdPersonExampleMap.umap.
[2019.01.19-15.54.55:157][469]LogLinker: Can't find file '/Game/Blueprints/Blueprints/ThirdPersonCharacter'
[2019.01.19-15.54.55:157][469]LogLinker: Can't find file for asset '/Game/Blueprints/Blueprints/ThirdPersonCharacter' while loading ../../../../Projects/Spudance/FPS_Project/Content/Blueprints/Maps/ThirdPersonExampleMap.umap.
[2019.01.19-15.54.55:157][469]LogLinker: Can't find file '/Game/Blueprints/Blueprints/ThirdPersonCharacter'
[2019.01.19-15.54.55:157][469]LogLinker: Can't find file for asset '/Game/Blueprints/Blueprints/ThirdPersonCharacter' while loading ../../../../Projects/Spudance/FPS_Project/Content/Blueprints/Maps/ThirdPersonExampleMap.umap.
[2019.01.19-15.54.55:157][469]LogLinker: Can't find file '/Game/Blueprints/Blueprints/ThirdPersonCharacter'
[2019.01.19-15.54.55:157][469]LogLinker: Can't find file for asset '/Game/Blueprints/Blueprints/ThirdPersonCharacter' while loading ../../../../Projects/Spudance/FPS_Project/Content/Blueprints/Maps/ThirdPersonExampleMap.umap.
[2019.01.19-15.54.55:158][469]LogLinker: Can't find file '/Game/Blueprints/Maps/ThirdPersonExampleMap_BuiltData'
[2019.01.19-15.54.55:158][469]LogLinker: Can't find file for asset '/Game/Blueprints/Maps/ThirdPersonExampleMap_BuiltData' while loading ../../../../Projects/Spudance/FPS_Project/Content/Blueprints/Maps/ThirdPersonExampleMap.umap.
[2019.01.19-15.54.55:163][469]LogLinker: Can't find file '/Game/Blueprints/Blueprints/ThirdPersonCharacter'
[2019.01.19-15.54.55:163][469]LogLinker: Can't find file for asset '/Game/Blueprints/Blueprints/ThirdPersonCharacter' while loading ../../../../Projects/Spudance/FPS_Project/Content/Blueprints/Maps/ThirdPersonExampleMap.umap.
[2019.01.19-15.54.55:163][469]LogLinker: Can't find file '/Game/Blueprints/Maps/ThirdPersonExampleMap_BuiltData'
[2019.01.19-15.54.55:163][469]LogLinker: Can't find file for asset '/Game/Blueprints/Maps/ThirdPersonExampleMap_BuiltData' while loading ../../../../Projects/Spudance/FPS_Project/Content/Blueprints/Maps/ThirdPersonExampleMap.umap.
[2019.01.19-15.54.55:167][469]LogLinker: Can't find file '/Game/Blueprints/Blueprints/ThirdPersonCharacter'
[2019.01.19-15.54.55:167][469]LogLinker: Can't find file for asset '/Game/Blueprints/Blueprints/ThirdPersonCharacter' while loading ../../../../Projects/Spudance/FPS_Project/Content/Blueprints/Maps/ThirdPersonExampleMap.umap.
[2019.01.19-15.54.55:167][469]LogLinker: Can't find file '/Game/Blueprints/Blueprints/ThirdPersonCharacter'
[2019.01.19-15.54.55:167][469]LogLinker: Can't find file for asset '/Game/Blueprints/Blueprints/ThirdPersonCharacter' while loading ../../../../Projects/Spudance/FPS_Project/Content/Blueprints/Maps/ThirdPersonExampleMap.umap.
[2019.01.19-15.54.55:168][469]LogLinker: Can't find file '/Game/Blueprints/Blueprints/ThirdPersonCharacter'
[2019.01.19-15.54.55:168][469]LogLinker: Can't find file for asset '/Game/Blueprints/Blueprints/ThirdPersonCharacter' while loading NULL.
[2019.01.19-15.54.55:168][469]LogLinker: Can't find file '/Game/Blueprints/Blueprints/ThirdPersonCharacter'
[2019.01.19-15.54.55:168][469]LogLinker: Can't find file for asset '/Game/Blueprints/Blueprints/ThirdPersonCharacter' while loading NULL.
[2019.01.19-15.54.55:168][469]LogLinker: Can't find file '/Game/Blueprints/Blueprints/ThirdPersonCharacter'
[2019.01.19-15.54.55:168][469]LogLinker: Can't find file for asset '/Game/Blueprints/Blueprints/ThirdPersonCharacter' while loading NULL.
[2019.01.19-15.54.55:168][469]LogLinker: Can't find file '/Game/Blueprints/Blueprints/ThirdPersonCharacter'
[2019.01.19-15.54.55:169][469]LogLinker: Can't find file for asset '/Game/Blueprints/Blueprints/ThirdPersonCharacter' while loading NULL.
[2019.01.19-15.54.55:169][469]LogLinker: Can't find file '/Game/Blueprints/Blueprints/ThirdPersonCharacter'
[2019.01.19-15.54.55:169][469]LogLinker: Can't find file for asset '/Game/Blueprints/Blueprints/ThirdPersonCharacter' while loading NULL.
[2019.01.19-15.54.55:169][469]LogLinker: Can't find file '/Game/Blueprints/Maps/ThirdPersonExampleMap_BuiltData'
[2019.01.19-15.54.55:169][469]LogLinker: Can't find file for asset '/Game/Blueprints/Maps/ThirdPersonExampleMap_BuiltData' while loading NULL.
[2019.01.19-15.54.55:169][469]LogLinker: Can't find file '/Game/Blueprints/Blueprints/ThirdPersonCharacter'
[2019.01.19-15.54.55:169][469]LogLinker: Can't find file for asset '/Game/Blueprints/Blueprints/ThirdPersonCharacter' while loading NULL.
[2019.01.19-15.54.55:169][469]LogLinker: Can't find file '/Game/Blueprints/Maps/ThirdPersonExampleMap_BuiltData'
[2019.01.19-15.54.55:169][469]LogLinker: Can't find file for asset '/Game/Blueprints/Maps/ThirdPersonExampleMap_BuiltData' while loading NULL.
[2019.01.19-15.54.55:169][469]LogLinker: Can't find file '/Game/Blueprints/Blueprints/ThirdPersonCharacter'
[2019.01.19-15.54.55:169][469]LogLinker: Can't find file for asset '/Game/Blueprints/Blueprints/ThirdPersonCharacter' while loading NULL.
[2019.01.19-15.54.55:169][469]LogLinker: Can't find file '/Game/Blueprints/Blueprints/ThirdPersonCharacter'
[2019.01.19-15.54.55:169][469]LogLinker: Can't find file for asset '/Game/Blueprints/Blueprints/ThirdPersonCharacter' while loading NULL.
[2019.01.19-15.54.55:170][469]LogLinker: Can't find file '/Game/Blueprints/Blueprints/ThirdPersonCharacter'
[2019.01.19-15.54.55:170][469]LogLinker: Can't find file for asset '/Game/Blueprints/Blueprints/ThirdPersonCharacter' while loading NULL.
[2019.01.19-15.54.55:170][469]LogLinker: Can't find file '/Game/Blueprints/Blueprints/ThirdPersonCharacter'
[2019.01.19-15.54.55:170][469]LogLinker: Can't find file for asset '/Game/Blueprints/Blueprints/ThirdPersonCharacter' while loading NULL.
[2019.01.19-15.54.55:173][469]LogLinker: Can't find file '/Game/Blueprints/Maps/ThirdPersonExampleMap_BuiltData'
[2019.01.19-15.54.55:173][469]LogLinker: Can't find file for asset '/Game/Blueprints/Maps/ThirdPersonExampleMap_BuiltData' while loading NULL.
[2019.01.19-15.54.55:179][469]LogAIModule: Creating AISystem for world ThirdPersonExampleMap
[2019.01.19-15.54.56:223][469]LogSlate: Window 'Message' being destroyed
[2019.01.19-15.54.56:324][469]LoadErrors: Warning: CreateExport: Failed to load Outer for resource 'Arrow': ThirdPersonCharacter_C /Game/Blueprints/Maps/ThirdPersonExampleMap.ThirdPersonExampleMap:PersistentLevel.ThirdPersonCharacter_167
[2019.01.19-15.54.56:325][469]LoadErrors: Warning: CreateExport: Failed to load Outer for resource 'FollowCamera': ThirdPersonCharacter_C /Game/Blueprints/Maps/ThirdPersonExampleMap.ThirdPersonExampleMap:PersistentLevel.ThirdPersonCharacter_167
[2019.01.19-15.54.56:325][469]LoadErrors: Warning: CreateExport: Failed to load Outer for resource 'CollisionCylinder': ThirdPersonCharacter_C /Game/Blueprints/Maps/ThirdPersonExampleMap.ThirdPersonExampleMap:PersistentLevel.ThirdPersonCharacter_167
[2019.01.19-15.54.56:325][469]LoadErrors: Warning: CreateExport: Failed to load Outer for resource 'CharMoveComp': ThirdPersonCharacter_C /Game/Blueprints/Maps/ThirdPersonExampleMap.ThirdPersonExampleMap:PersistentLevel.ThirdPersonCharacter_167
[2019.01.19-15.54.56:325][469]LoadErrors: Warning: CreateExport: Failed to load Outer for resource 'CharacterMesh0': ThirdPersonCharacter_C /Game/Blueprints/Maps/ThirdPersonExampleMap.ThirdPersonExampleMap:PersistentLevel.ThirdPersonCharacter_167
[2019.01.19-15.54.59:403][834]LogAIModule: Creating AISystem for world NewMap
[2019.01.19-15.54.59:405][834]LogAssetEditorManager: Opening Asset editor for World /Game/NewMap.NewMap
[2019.01.19-15.55.00:646][834]LogSlate: Window 'Save Content' being destroyed
[2019.01.19-15.55.00:650][834]Cmd: MAP LOAD FILE="../../../../Projects/Spudance/FPS_Project/Content/NewMap.umap" TEMPLATE=0 SHOWPROGRESS=1 FEATURELEVEL=3
[2019.01.19-15.55.00:651][834]LightingResults: New page: Lighting Build
[2019.01.19-15.55.00:652][834]LoadErrors: New page: Loading map: NewMap.umap
[2019.01.19-15.55.00:652][834]MapCheck: New page: Map Check
[2019.01.19-15.55.00:652][834]LightingResults: New page: Lighting Build
[2019.01.19-15.55.04:752][834]LogSlate: Window 'Message' being destroyed
[2019.01.19-15.55.04:764][834]LogEditorServer: Finished looking for orphan Actors (0.000 secs)
[2019.01.19-15.55.04:790][834]Cmd: MAP CHECKDEP NOCLEARLOG
[2019.01.19-15.55.04:790][834]MapCheck: Map check complete: 0 Error(s), 0 Warning(s), took 0.064ms to complete.
[2019.01.19-15.55.04:790][834]LogFileHelpers: Loading map 'NewMap' took 4.141
[2019.01.19-15.55.09:899][224]LogSlate: Window 'Save Content' being destroyed
[2019.01.19-15.55.09:979][224]LogOutputDevice: Warning: 

Script Stack (0 frames):

[2019.01.19-15.55.09:980][224]LogWindows: Windows GetLastError: The operation completed successfully. (0)
[2019.01.19-15.55.11:270][224]LogWindows: Error: === Critical error: ===
[2019.01.19-15.55.11:270][224]LogWindows: Error: 
[2019.01.19-15.55.11:270][224]LogWindows: Error: Assertion failed: World [File:D:\Build\++UE4\Sync\Engine\Source\Runtime\Engine\Private\Actor.cpp] [Line: 4169] 
[2019.01.19-15.55.11:270][224]LogWindows: Error: 
[2019.01.19-15.55.11:270][224]LogWindows: Error: 
[2019.01.19-15.55.11:271][224]LogWindows: Error: 
[2019.01.19-15.55.11:271][224]LogWindows: Error: [Callstack] 0x00007ff953aca388 KERNELBASE.dll!UnknownFunction []
[2019.01.19-15.55.11:271][224]LogWindows: Error: [Callstack] 0x00007ff91ce3cd1a UE4Editor-Core.dll!UnknownFunction []
[2019.01.19-15.55.11:271][224]LogWindows: Error: [Callstack] 0x00007ff91cc1a967 UE4Editor-Core.dll!UnknownFunction []
[2019.01.19-15.55.11:271][224]LogWindows: Error: [Callstack] 0x00007ff91cb50df7 UE4Editor-Core.dll!UnknownFunction []
[2019.01.19-15.55.11:271][224]LogWindows: Error: [Callstack] 0x00007ff9196a4e4d UE4Editor-Engine.dll!UnknownFunction []
[2019.01.19-15.55.11:271][224]LogWindows: Error: [Callstack] 0x00007ff919fc14c2 UE4Editor-Engine.dll!UnknownFunction []
[2019.01.19-15.55.11:271][224]LogWindows: Error: [Callstack] 0x00007ff91aabe8d3 UE4Editor-Engine.dll!UnknownFunction []
[2019.01.19-15.55.11:271][224]LogWindows: Error: [Callstack] 0x00007ff908493729 UE4Editor-UnrealEd.dll!UnknownFunction []
[2019.01.19-15.55.11:271][224]LogWindows: Error: [Callstack] 0x00007ff9084a8f9e UE4Editor-UnrealEd.dll!UnknownFunction []
[2019.01.19-15.55.11:271][224]LogWindows: Error: [Callstack] 0x00007ff9084a9c17 UE4Editor-UnrealEd.dll!UnknownFunction []
[2019.01.19-15.55.11:271][224]LogWindows: Error: [Callstack] 0x00007ff9084edee4 UE4Editor-UnrealEd.dll!UnknownFunction []
[2019.01.19-15.55.11:271][224]LogWindows: Error: [Callstack] 0x00007ff9084ea6d5 UE4Editor-UnrealEd.dll!UnknownFunction []
[2019.01.19-15.55.11:271][224]LogWindows: Error: [Callstack] 0x00007ff908df0a03 UE4Editor-UnrealEd.dll!UnknownFunction []
[2019.01.19-15.55.11:271][224]LogWindows: Error: [Callstack] 0x00007ff9088eeccb UE4Editor-UnrealEd.dll!UnknownFunction []
[2019.01.19-15.55.11:271][224]LogWindows: Error: [Callstack] 0x00007ff9088ebc11 UE4Editor-UnrealEd.dll!UnknownFunction []
[2019.01.19-15.55.11:271][224]LogWindows: Error: [Callstack] 0x00007ff9088bd4f8 UE4Editor-UnrealEd.dll!UnknownFunction []
[2019.01.19-15.55.11:271][224]LogWindows: Error: [Callstack] 0x00007ff9088bbed1 UE4Editor-UnrealEd.dll!UnknownFunction []
[2019.01.19-15.55.11:271][224]LogWindows: Error: [Callstack] 0x00007ff9088d3728 UE4Editor-UnrealEd.dll!UnknownFunction []
[2019.01.19-15.55.11:271][224]LogWindows: Error: [Callstack] 0x00007ff9088eb368 UE4Editor-UnrealEd.dll!UnknownFunction []
[2019.01.19-15.55.11:271][224]LogWindows: Error: [Callstack] 0x00007ff8f9e4257c UE4Editor-MainFrame.dll!UnknownFunction []
[2019.01.19-15.55.11:271][224]LogWindows: Error: [Callstack] 0x00007ff8f9e42a9e UE4Editor-MainFrame.dll!UnknownFunction []
[2019.01.19-15.55.11:271][224]LogWindows: Error: [Callstack] 0x00007ff918d61146 UE4Editor-SlateCore.dll!UnknownFunction []
[2019.01.19-15.55.11:271][224]LogWindows: Error: [Callstack] 0x00007ff918fe1665 UE4Editor-Slate.dll!UnknownFunction []
[2019.01.19-15.55.11:271][224]LogWindows: Error: [Callstack] 0x00007ff918ff1fdf UE4Editor-Slate.dll!UnknownFunction []
[2019.01.19-15.55.11:271][224]LogWindows: Error: [Callstack] 0x00007ff9191bc7bb UE4Editor-Slate.dll!UnknownFunction []
[2019.01.19-15.55.11:271][224]LogWindows: Error: [Callstack] 0x00007ff918fa8e25 UE4Editor-Slate.dll!UnknownFunction []
[2019.01.19-15.55.11:271][224]LogWindows: Error: [Callstack] 0x00007ff919042678 UE4Editor-Slate.dll!UnknownFunction []
[2019.01.19-15.55.11:271][224]LogWindows: Error: [Callstack] 0x00007ff91902857a UE4Editor-Slate.dll!UnknownFunction []
[2019.01.19-15.55.11:271][224]LogWindows: Error: [Callstack] 0x00007ff91901b44c UE4Editor-Slate.dll!UnknownFunction []
[2019.01.19-15.55.11:271][224]LogWindows: Error: [Callstack] 0x00007ff94d37de26 UE4Editor-ApplicationCore.dll!UnknownFunction []
[2019.01.19-15.55.11:271][224]LogWindows: Error: [Callstack] 0x00007ff94d370de0 UE4Editor-ApplicationCore.dll!UnknownFunction []
[2019.01.19-15.55.11:271][224]LogWindows: Error: [Callstack] 0x00007ff94d3801eb UE4Editor-ApplicationCore.dll!UnknownFunction []
[2019.01.19-15.55.11:271][224]LogWindows: Error: [Callstack] 0x00007ff94d36ca19 UE4Editor-ApplicationCore.dll!UnknownFunction []
[2019.01.19-15.55.11:271][224]LogWindows: Error: [Callstack] 0x00007ff954926d41 USER32.dll!UnknownFunction []
[2019.01.19-15.55.11:271][224]LogWindows: Error: [Callstack] 0x00007ff954926713 USER32.dll!UnknownFunction []
[2019.01.19-15.55.11:271][224]LogWindows: Error: [Callstack] 0x00007ff94d381746 UE4Editor-ApplicationCore.dll!UnknownFunction []
[2019.01.19-15.55.11:271][224]LogWindows: Error: [Callstack] 0x00007ff739d05546 UE4Editor.exe!UnknownFunction []
[2019.01.19-15.55.11:271][224]LogWindows: Error: [Callstack] 0x00007ff739d1596c UE4Editor.exe!UnknownFunction []
[2019.01.19-15.55.11:271][224]LogWindows: Error: [Callstack] 0x00007ff739d159ea UE4Editor.exe!UnknownFunction []
[2019.01.19-15.55.11:271][224]LogWindows: Error: [Callstack] 0x00007ff739d248da UE4Editor.exe!UnknownFunction []
[2019.01.19-15.55.11:271][224]LogWindows: Error: [Callstack] 0x00007ff739d2659a UE4Editor.exe!UnknownFunction []
[2019.01.19-15.55.11:271][224]LogWindows: Error: [Callstack] 0x00007ff954eb3034 KERNEL32.DLL!UnknownFunction []
[2019.01.19-15.55.11:271][224]LogWindows: Error: [Callstack] 0x00007ff956d73691 ntdll.dll!UnknownFunction []
[2019.01.19-15.55.11:271][224]LogWindows: Error: 
[2019.01.19-15.55.11:280][224]LogExit: Executing StaticShutdownAfterError
[2019.01.19-15.55.11:281][224]LogWindows: FPlatformMisc::RequestExit(1)
[2019.01.19-15.55.11:287][224]Log file closed, 01/19/19 15:55:11
