Log file open, 01/19/19 16:34:54
LogWindows: Failed to load 'aqProf.dll' (GetLastError=126)
LogWindows: File 'aqProf.dll' does not exist
LogWindows: Failed to load 'VtuneApi.dll' (GetLastError=126)
LogWindows: File 'VtuneApi.dll' does not exist
LogWindows: Failed to load 'VtuneApi32e.dll' (GetLastError=126)
LogWindows: File 'VtuneApi32e.dll' does not exist
LogConsoleResponse: Display: Failed to find resolution value strings in scalability ini. Falling back to default.
LogInit: Display: Running engine for game: FPS_Project
LogPakFile: Registered encryption key '00000000000000000000000000000000': 0 pak files mounted, 0 remain pending
LogPlatformFile: Not using cached read wrapper
LogTaskGraph: Started task graph with 5 named threads and 23 total threads with 3 sets of task threads.
LogStats: Stats thread started at 0.257450
LogD3D11RHI: Loaded GFSDK_Aftermath_Lib.x64.dll
LogICUInternationalization: ICU TimeZone Detection - Raw Offset: +1:00, Platform Override: ''
LogPluginManager: Mounting plugin Paper2D
LogPluginManager: Mounting plugin AISupport
LogPluginManager: Mounting plugin LightPropagationVolume
LogPluginManager: Mounting plugin ActorLayerUtilities
LogPluginManager: Mounting plugin CLionSourceCodeAccess
LogPluginManager: Mounting plugin CodeLiteSourceCodeAccess
LogPluginManager: Mounting plugin GitSourceControl
LogPluginManager: Mounting plugin KDevelopSourceCodeAccess
LogPluginManager: Mounting plugin NullSourceCodeAccess
LogPluginManager: Mounting plugin PerforceSourceControl
LogPluginManager: Mounting plugin SubversionSourceControl
LogPluginManager: Mounting plugin UObjectPlugin
LogPluginManager: Mounting plugin VisualStudioCodeSourceCodeAccess
LogPluginManager: Mounting plugin VisualStudioSourceCodeAccess
LogPluginManager: Mounting plugin XCodeSourceCodeAccess
LogPluginManager: Mounting plugin AssetManagerEditor
LogPluginManager: Mounting plugin CryptoKeys
LogPluginManager: Mounting plugin DataValidation
LogPluginManager: Mounting plugin FacialAnimation
LogPluginManager: Mounting plugin GameplayTagsEditor
LogPluginManager: Mounting plugin MacGraphicsSwitching
LogPluginManager: Mounting plugin MeshEditor
LogPluginManager: Mounting plugin MobileLauncherProfileWizard
LogPluginManager: Mounting plugin PluginBrowser
LogPluginManager: Mounting plugin SpeedTreeImporter
LogPluginManager: Mounting plugin DatasmithContent
LogPluginManager: Mounting plugin VariantManagerContent
LogPluginManager: Mounting plugin AlembicImporter
LogPluginManager: Mounting plugin AppleImageUtils
LogPluginManager: Mounting plugin AppleVision
LogPluginManager: Mounting plugin BackChannel
LogPluginManager: Mounting plugin CharacterAI
LogPluginManager: Mounting plugin GeometryCache
LogPluginManager: Mounting plugin HTML5Networking
LogPluginManager: Mounting plugin ProxyLODPlugin
LogPluginManager: Mounting plugin MagicLeap
LogPluginManager: Mounting plugin MagicLeapMedia
LogPluginManager: Mounting plugin AndroidMedia
LogPluginManager: Mounting plugin AvfMedia
LogPluginManager: Mounting plugin ImgMedia
LogPluginManager: Mounting plugin LinearTimecode
LogPluginManager: Mounting plugin MediaCompositing
LogPluginManager: Mounting plugin MediaPlayerEditor
LogPluginManager: Mounting plugin WebMMedia
LogPluginManager: Mounting plugin WmfMedia
LogPluginManager: Mounting plugin TcpMessaging
LogPluginManager: Mounting plugin UdpMessaging
LogPluginManager: Mounting plugin ActorSequence
LogPluginManager: Mounting plugin LevelSequenceEditor
LogPluginManager: Mounting plugin MatineeToLevelSequence
LogPluginManager: Mounting plugin NetcodeUnitTest
LogPluginManager: Mounting plugin NUTUnrealEngine4
LogPluginManager: Mounting plugin OnlineSubsystemGooglePlay
LogPluginManager: Mounting plugin OnlineSubsystemIOS
LogPluginManager: Mounting plugin OnlineSubsystem
LogPluginManager: Mounting plugin OnlineSubsystemNull
LogPluginManager: Mounting plugin OnlineSubsystemUtils
LogPluginManager: Mounting plugin LauncherChunkInstaller
LogPluginManager: Mounting plugin AndroidDeviceProfileSelector
LogPluginManager: Mounting plugin AndroidMoviePlayer
LogPluginManager: Mounting plugin AndroidPermission
LogPluginManager: Mounting plugin AppleMoviePlayer
LogPluginManager: Mounting plugin ArchVisCharacter
LogPluginManager: Mounting plugin AudioCapture
LogPluginManager: Mounting plugin CableComponent
LogPluginManager: Mounting plugin CustomMeshComponent
LogPluginManager: Mounting plugin EditableMesh
LogPluginManager: Mounting plugin ExampleDeviceProfileSelector
LogPluginManager: Mounting plugin Firebase
LogPluginManager: Mounting plugin GoogleCloudMessaging
LogPluginManager: Mounting plugin IOSDeviceProfileSelector
LogPluginManager: Mounting plugin LinuxDeviceProfileSelector
LogPluginManager: Mounting plugin LocationServicesBPLibrary
LogPluginManager: Mounting plugin MobilePatchingUtils
LogPluginManager: Mounting plugin OculusVR
LogPluginManager: Mounting plugin PhysXVehicles
LogPluginManager: Mounting plugin ProceduralMeshComponent
LogPluginManager: Mounting plugin RuntimePhysXCooking
LogPluginManager: Mounting plugin SteamVR
LogPluginManager: Mounting plugin WebMMoviePlayer
LogPluginManager: Mounting plugin WindowsMoviePlayer
LogStreaming: Display: Took  0.081s to configure plugins.
LogInit: Using libcurl 7.55.1-DEV
LogInit:  - built for x86_64-pc-win32
LogInit:  - supports SSL with OpenSSL/1.0.2h
LogInit:  - supports HTTP deflate (compression) using libz 1.2.8
LogInit:  - other features:
LogInit:      CURL_VERSION_SSL
LogInit:      CURL_VERSION_LIBZ
LogInit:      CURL_VERSION_IPV6
LogInit:      CURL_VERSION_ASYNCHDNS
LogInit:      CURL_VERSION_LARGEFILE
LogInit:      CURL_VERSION_IDN
LogInit:  CurlRequestOptions (configurable via config and command line):
LogInit:  - bVerifyPeer = true  - Libcurl will verify peer certificate
LogInit:  - bUseHttpProxy = false  - Libcurl will NOT use HTTP proxy
LogInit:  - bDontReuseConnections = false  - Libcurl will reuse connections
LogInit:  - MaxHostConnections = 16  - Libcurl will limit the number of connections to a host
LogInit:  - LocalHostAddr = Default
LogInit:  - BufferSize = 65536
LogInit: WinSock: version 1.1 (2.2), MaxSocks=32767, MaxUdp=65467
LogInit: Build: ++UE4+Release-4.21-CL-4613538
LogInit: Engine Version: 4.21.1-4613538+++UE4+Release-4.21
LogInit: Compatible Engine Version: 4.21.0-4541578+++UE4+Release-4.21
LogInit: Net CL: 4541578
LogInit: OS: Windows 10 (), CPU: Intel(R) Core(TM) i7-7700K CPU @ 4.20GHz, GPU: NVIDIA GeForce GTX 1070
LogInit: Compiled (64-bit): Nov 30 2018 04:13:25
LogInit: Compiled with Visual C++: 19.13.26129.00
LogInit: Build Configuration: Development
LogInit: Branch Name: ++UE4+Release-4.21
LogInit: Command Line: 
LogInit: Base Directory: E:/Unreal Engine/UE_4.21/Engine/Binaries/Win64/
LogInit: Installed Engine Build: 1
LogDevObjectVersion: Number of dev versions registered: 22
LogDevObjectVersion:   Dev-Blueprints (B0D832E4-1F89-4F0D-ACCF-7EB736FD4AA2): 10
LogDevObjectVersion:   Dev-Build (E1C64328-A22C-4D53-A36C-8E866417BD8C): 0
LogDevObjectVersion:   Dev-Core (375EC13C-06E4-48FB-B500-84F0262A717E): 2
LogDevObjectVersion:   Dev-Editor (E4B068ED-F494-42E9-A231-DA0B2E46BB41): 26
LogDevObjectVersion:   Dev-Framework (CFFC743F-43B0-4480-9391-14DF171D2073): 34
LogDevObjectVersion:   Dev-Mobile (B02B49B5-BB20-44E9-A304-32B752E40360): 2
LogDevObjectVersion:   Dev-Networking (A4E4105C-59A1-49B5-A7C5-40C4547EDFEE): 0
LogDevObjectVersion:   Dev-Online (39C831C9-5AE6-47DC-9A44-9C173E1C8E7C): 0
LogDevObjectVersion:   Dev-Physics (78F01B33-EBEA-4F98-B9B4-84EACCB95AA2): 0
LogDevObjectVersion:   Dev-Platform (6631380F-2D4D-43E0-8009-CF276956A95A): 0
LogDevObjectVersion:   Dev-Rendering (12F88B9F-8875-4AFC-A67C-D90C383ABD29): 27
LogDevObjectVersion:   Dev-Sequencer (7B5AE74C-D270-4C10-A958-57980B212A5A): 9
LogDevObjectVersion:   Dev-VR (D7296918-1DD6-4BDD-9DE2-64A83CC13884): 2
LogDevObjectVersion:   Dev-LoadTimes (C2A15278-BFE7-4AFE-6C17-90FF531DF755): 1
LogDevObjectVersion:   Private-Geometry (6EACA3D4-40EC-4CC1-B786-8BED09428FC5): 3
LogDevObjectVersion:   Dev-AnimPhys (29E575DD-E0A3-4627-9D10-D276232CDCEA): 17
LogDevObjectVersion:   Dev-Anim (AF43A65D-7FD3-4947-9873-3E8ED9C1BB05): 2
LogDevObjectVersion:   Dev-ReflectionCapture (6B266CEC-1EC7-4B8F-A30B-E4D90942FC07): 1
LogDevObjectVersion:   Dev-Automation (0DF73D61-A23F-47EA-B727-89E90C41499A): 1
LogDevObjectVersion:   FortniteMain (601D1886-AC64-4F84-AA16-D3DE0DEAC7D6): 17
LogDevObjectVersion:   Dev-Enterprise (9DFFBCD6-494F-0158-E221-12823C92A888): 4
LogDevObjectVersion:   Dev-Niagara (F2AED0AC-9AFE-416F-8664-AA7FFA26D6FC): 1
LogStreaming: Display: Took  0.000s to delete old logs.
LogInit: Presizing for max 8388607 objects, including 0 objects not considered by GC, pre-allocating 0 bytes for permanent pool.
LogInit: Object subsystem initialized
LogConfig: Setting CVar [[con.DebugEarlyDefault:1]]
LogConfig: Setting CVar [[r.setres:1280x720]]
[2019.01.19-15.34.55:118][  0]LogConfig: Setting CVar [[r.VSync:0]]
[2019.01.19-15.34.55:118][  0]LogConfig: Setting CVar [[r.RHICmdBypass:0]]
[2019.01.19-15.34.55:118][  0]LogConfig: Applying CVar settings from Section [/Script/Engine.RendererSettings] File [C:/Users/Roel/Documents/Unreal Projects/Spudance/FPS_Project/Saved/Config/Windows/Engine.ini]
[2019.01.19-15.34.55:118][  0]LogConfig: Setting CVar [[r.GPUCrashDebugging:0]]
[2019.01.19-15.34.55:118][  0]LogConfig: Applying CVar settings from Section [/Script/Engine.RendererOverrideSettings] File [C:/Users/Roel/Documents/Unreal Projects/Spudance/FPS_Project/Saved/Config/Windows/Engine.ini]
[2019.01.19-15.34.55:118][  0]LogConfig: Applying CVar settings from Section [/Script/Engine.StreamingSettings] File [C:/Users/Roel/Documents/Unreal Projects/Spudance/FPS_Project/Saved/Config/Windows/Engine.ini]
[2019.01.19-15.34.55:118][  0]LogConfig: Setting CVar [[s.MinBulkDataSizeForAsyncLoading:131072]]
[2019.01.19-15.34.55:118][  0]LogConfig: Setting CVar [[s.AsyncLoadingThreadEnabled:0]]
[2019.01.19-15.34.55:118][  0]LogConfig: Setting CVar [[s.EventDrivenLoaderEnabled:1]]
[2019.01.19-15.34.55:118][  0]LogConfig: Setting CVar [[s.WarnIfTimeLimitExceeded:0]]
[2019.01.19-15.34.55:118][  0]LogConfig: Setting CVar [[s.TimeLimitExceededMultiplier:1.5]]
[2019.01.19-15.34.55:118][  0]LogConfig: Setting CVar [[s.TimeLimitExceededMinTime:0.005]]
[2019.01.19-15.34.55:118][  0]LogConfig: Setting CVar [[s.UseBackgroundLevelStreaming:1]]
[2019.01.19-15.34.55:118][  0]LogConfig: Setting CVar [[s.PriorityAsyncLoadingExtraTime:15.0]]
[2019.01.19-15.34.55:118][  0]LogConfig: Setting CVar [[s.LevelStreamingActorsUpdateTimeLimit:5.0]]
[2019.01.19-15.34.55:118][  0]LogConfig: Setting CVar [[s.PriorityLevelStreamingActorsUpdateExtraTime:5.0]]
[2019.01.19-15.34.55:118][  0]LogConfig: Setting CVar [[s.LevelStreamingComponentsRegistrationGranularity:10]]
[2019.01.19-15.34.55:118][  0]LogConfig: Setting CVar [[s.UnregisterComponentsTimeLimit:1.0]]
[2019.01.19-15.34.55:118][  0]LogConfig: Setting CVar [[s.LevelStreamingComponentsUnregistrationGranularity:5]]
[2019.01.19-15.34.55:118][  0]LogConfig: Applying CVar settings from Section [/Script/Engine.GarbageCollectionSettings] File [C:/Users/Roel/Documents/Unreal Projects/Spudance/FPS_Project/Saved/Config/Windows/Engine.ini]
[2019.01.19-15.34.55:118][  0]LogConfig: Setting CVar [[gc.MaxObjectsNotConsideredByGC:1]]
[2019.01.19-15.34.55:118][  0]LogConfig: Setting CVar [[gc.SizeOfPermanentObjectPool:0]]
[2019.01.19-15.34.55:118][  0]LogConfig: Setting CVar [[gc.FlushStreamingOnGC:0]]
[2019.01.19-15.34.55:118][  0]LogConfig: Setting CVar [[gc.NumRetriesBeforeForcingGC:10]]
[2019.01.19-15.34.55:118][  0]LogConfig: Setting CVar [[gc.AllowParallelGC:1]]
[2019.01.19-15.34.55:118][  0]LogConfig: Setting CVar [[gc.TimeBetweenPurgingPendingKillObjects:61.1]]
[2019.01.19-15.34.55:118][  0]LogConfig: Setting CVar [[gc.MaxObjectsInEditor:8388607]]
[2019.01.19-15.34.55:118][  0]LogConfig: Setting CVar [[gc.IncrementalBeginDestroyEnabled:1]]
[2019.01.19-15.34.55:118][  0]LogConfig: Setting CVar [[gc.CreateGCClusters:1]]
[2019.01.19-15.34.55:118][  0]LogConfig: Setting CVar [[gc.MergeGCClusters:0]]
[2019.01.19-15.34.55:118][  0]LogConfig: Setting CVar [[gc.MinGCClusterSize:5]]
[2019.01.19-15.34.55:118][  0]LogConfig: Setting CVar [[gc.ActorClusteringEnabled:0]]
[2019.01.19-15.34.55:118][  0]LogConfig: Setting CVar [[gc.BlueprintClusteringEnabled:0]]
[2019.01.19-15.34.55:118][  0]LogConfig: Setting CVar [[gc.UseDisregardForGCOnDedicatedServers:0]]
[2019.01.19-15.34.55:118][  0]LogConfig: Applying CVar settings from Section [/Script/Engine.NetworkSettings] File [C:/Users/Roel/Documents/Unreal Projects/Spudance/FPS_Project/Saved/Config/Windows/Engine.ini]
[2019.01.19-15.34.55:118][  0]LogConfig: Applying CVar settings from Section [/Script/UnrealEd.CookerSettings] File [C:/Users/Roel/Documents/Unreal Projects/Spudance/FPS_Project/Saved/Config/Windows/Engine.ini]
[2019.01.19-15.34.55:123][  0]LogConfig: Applying CVar settings from Section [ViewDistanceQuality@3] File [C:/Users/Roel/Documents/Unreal Projects/Spudance/FPS_Project/Saved/Config/Windows/Scalability.ini]
[2019.01.19-15.34.55:123][  0]LogConfig: Setting CVar [[r.SkeletalMeshLODBias:0]]
[2019.01.19-15.34.55:123][  0]LogConfig: Setting CVar [[r.ViewDistanceScale:1.0]]
[2019.01.19-15.34.55:123][  0]LogConfig: Applying CVar settings from Section [AntiAliasingQuality@3] File [C:/Users/Roel/Documents/Unreal Projects/Spudance/FPS_Project/Saved/Config/Windows/Scalability.ini]
[2019.01.19-15.34.55:123][  0]LogConfig: Setting CVar [[r.PostProcessAAQuality:4]]
[2019.01.19-15.34.55:123][  0]LogConfig: Applying CVar settings from Section [ShadowQuality@3] File [C:/Users/Roel/Documents/Unreal Projects/Spudance/FPS_Project/Saved/Config/Windows/Scalability.ini]
[2019.01.19-15.34.55:123][  0]LogConfig: Setting CVar [[r.LightFunctionQuality:1]]
[2019.01.19-15.34.55:123][  0]LogConfig: Setting CVar [[r.ShadowQuality:5]]
[2019.01.19-15.34.55:123][  0]LogConfig: Setting CVar [[r.Shadow.CSM.MaxCascades:10]]
[2019.01.19-15.34.55:123][  0]LogConfig: Setting CVar [[r.Shadow.MaxResolution:2048]]
[2019.01.19-15.34.55:123][  0]LogConfig: Setting CVar [[r.Shadow.MaxCSMResolution:2048]]
[2019.01.19-15.34.55:123][  0]LogConfig: Setting CVar [[r.Shadow.RadiusThreshold:0.01]]
[2019.01.19-15.34.55:123][  0]LogConfig: Setting CVar [[r.Shadow.DistanceScale:1.0]]
[2019.01.19-15.34.55:123][  0]LogConfig: Setting CVar [[r.Shadow.CSM.TransitionScale:1.0]]
[2019.01.19-15.34.55:123][  0]LogConfig: Setting CVar [[r.Shadow.PreShadowResolutionFactor:1.0]]
[2019.01.19-15.34.55:123][  0]LogConfig: Setting CVar [[r.DistanceFieldShadowing:1]]
[2019.01.19-15.34.55:123][  0]LogConfig: Setting CVar [[r.DistanceFieldAO:1]]
[2019.01.19-15.34.55:123][  0]LogConfig: Setting CVar [[r.AOQuality:2]]
[2019.01.19-15.34.55:123][  0]LogConfig: Setting CVar [[r.VolumetricFog:1]]
[2019.01.19-15.34.55:123][  0]LogConfig: Setting CVar [[r.VolumetricFog.GridPixelSize:8]]
[2019.01.19-15.34.55:123][  0]LogConfig: Setting CVar [[r.VolumetricFog.GridSizeZ:128]]
[2019.01.19-15.34.55:123][  0]LogConfig: Setting CVar [[r.VolumetricFog.HistoryMissSupersampleCount:4]]
[2019.01.19-15.34.55:123][  0]LogConfig: Setting CVar [[r.LightMaxDrawDistanceScale:1]]
[2019.01.19-15.34.55:123][  0]LogConfig: Setting CVar [[r.CapsuleShadows:1]]
[2019.01.19-15.34.55:123][  0]LogConfig: Applying CVar settings from Section [PostProcessQuality@3] File [C:/Users/Roel/Documents/Unreal Projects/Spudance/FPS_Project/Saved/Config/Windows/Scalability.ini]
[2019.01.19-15.34.55:123][  0]LogConfig: Setting CVar [[r.MotionBlurQuality:4]]
[2019.01.19-15.34.55:123][  0]LogConfig: Setting CVar [[r.AmbientOcclusionMipLevelFactor:0.4]]
[2019.01.19-15.34.55:123][  0]LogConfig: Setting CVar [[r.AmbientOcclusionMaxQuality:100]]
[2019.01.19-15.34.55:123][  0]LogConfig: Setting CVar [[r.AmbientOcclusionLevels:-1]]
[2019.01.19-15.34.55:123][  0]LogConfig: Setting CVar [[r.AmbientOcclusionRadiusScale:1.0]]
[2019.01.19-15.34.55:123][  0]LogConfig: Setting CVar [[r.DepthOfFieldQuality:2]]
[2019.01.19-15.34.55:123][  0]LogConfig: Setting CVar [[r.RenderTargetPoolMin:400]]
[2019.01.19-15.34.55:123][  0]LogConfig: Setting CVar [[r.LensFlareQuality:2]]
[2019.01.19-15.34.55:123][  0]LogConfig: Setting CVar [[r.SceneColorFringeQuality:1]]
[2019.01.19-15.34.55:123][  0]LogConfig: Setting CVar [[r.EyeAdaptationQuality:2]]
[2019.01.19-15.34.55:123][  0]LogConfig: Setting CVar [[r.BloomQuality:5]]
[2019.01.19-15.34.55:123][  0]LogConfig: Setting CVar [[r.FastBlurThreshold:100]]
[2019.01.19-15.34.55:123][  0]LogConfig: Setting CVar [[r.Upscale.Quality:3]]
[2019.01.19-15.34.55:123][  0]LogConfig: Setting CVar [[r.Tonemapper.GrainQuantization:1]]
[2019.01.19-15.34.55:123][  0]LogConfig: Setting CVar [[r.LightShaftQuality:1]]
[2019.01.19-15.34.55:123][  0]LogConfig: Setting CVar [[r.Filter.SizeScale:1]]
[2019.01.19-15.34.55:123][  0]LogConfig: Setting CVar [[r.Tonemapper.Quality:5]]
[2019.01.19-15.34.55:123][  0]LogConfig: Setting CVar [[r.DOF.Gather.AccumulatorQuality:1        ; higher gathering accumulator quality]]
[2019.01.19-15.34.55:123][  0]LogConfig: Setting CVar [[r.DOF.Gather.PostfilterMethod:1          ; Median3x3 postfilering method]]
[2019.01.19-15.34.55:123][  0]LogConfig: Setting CVar [[r.DOF.Gather.EnableBokehSettings:0       ; no bokeh simulation when gathering]]
[2019.01.19-15.34.55:123][  0]LogConfig: Setting CVar [[r.DOF.Gather.RingCount:4                 ; medium number of samples when gathering]]
[2019.01.19-15.34.55:123][  0]LogConfig: Setting CVar [[r.DOF.Scatter.ForegroundCompositing:1    ; additive foreground scattering]]
[2019.01.19-15.34.55:123][  0]LogConfig: Setting CVar [[r.DOF.Scatter.BackgroundCompositing:2    ; additive background scattering]]
[2019.01.19-15.34.55:123][  0]LogConfig: Setting CVar [[r.DOF.Scatter.EnableBokehSettings:1      ; bokeh simulation when scattering]]
[2019.01.19-15.34.55:123][  0]LogConfig: Setting CVar [[r.DOF.Scatter.MaxSpriteRatio:0.1         ; only a maximum of 10% of scattered bokeh]]
[2019.01.19-15.34.55:123][  0]LogConfig: Setting CVar [[r.DOF.Recombine.Quality:1                ; cheap slight out of focus]]
[2019.01.19-15.34.55:123][  0]LogConfig: Setting CVar [[r.DOF.Recombine.EnableBokehSettings:0    ; no bokeh simulation on slight out of focus]]
[2019.01.19-15.34.55:123][  0]LogConfig: Setting CVar [[r.DOF.TemporalAAQuality:1                ; more stable temporal accumulation]]
[2019.01.19-15.34.55:123][  0]LogConfig: Setting CVar [[r.DOF.Kernel.MaxForegroundRadius:0.025]]
[2019.01.19-15.34.55:123][  0]LogConfig: Setting CVar [[r.DOF.Kernel.MaxBackgroundRadius:0.025]]
[2019.01.19-15.34.55:123][  0]LogConfig: Applying CVar settings from Section [TextureQuality@3] File [C:/Users/Roel/Documents/Unreal Projects/Spudance/FPS_Project/Saved/Config/Windows/Scalability.ini]
[2019.01.19-15.34.55:123][  0]LogConfig: Setting CVar [[r.Streaming.MipBias:0]]
[2019.01.19-15.34.55:123][  0]LogConfig: Setting CVar [[r.Streaming.AmortizeCPUToGPUCopy:0]]
[2019.01.19-15.34.55:123][  0]LogConfig: Setting CVar [[r.Streaming.MaxNumTexturesToStreamPerFrame:0]]
[2019.01.19-15.34.55:123][  0]LogConfig: Setting CVar [[r.Streaming.Boost:1]]
[2019.01.19-15.34.55:123][  0]LogConfig: Setting CVar [[r.MaxAnisotropy:8]]
[2019.01.19-15.34.55:123][  0]LogConfig: Setting CVar [[r.Streaming.LimitPoolSizeToVRAM:0]]
[2019.01.19-15.34.55:123][  0]LogConfig: Setting CVar [[r.Streaming.PoolSize:1000]]
[2019.01.19-15.34.55:123][  0]LogConfig: Setting CVar [[r.Streaming.MaxEffectiveScreenSize:0]]
[2019.01.19-15.34.55:123][  0]LogConfig: Applying CVar settings from Section [EffectsQuality@3] File [C:/Users/Roel/Documents/Unreal Projects/Spudance/FPS_Project/Saved/Config/Windows/Scalability.ini]
[2019.01.19-15.34.55:123][  0]LogConfig: Setting CVar [[r.TranslucencyLightingVolumeDim:64]]
[2019.01.19-15.34.55:123][  0]LogConfig: Setting CVar [[r.RefractionQuality:2]]
[2019.01.19-15.34.55:123][  0]LogConfig: Setting CVar [[r.SSR.Quality:3]]
[2019.01.19-15.34.55:123][  0]LogConfig: Setting CVar [[r.SceneColorFormat:4]]
[2019.01.19-15.34.55:123][  0]LogConfig: Setting CVar [[r.DetailMode:2]]
[2019.01.19-15.34.55:123][  0]LogConfig: Setting CVar [[r.TranslucencyVolumeBlur:1]]
[2019.01.19-15.34.55:123][  0]LogConfig: Setting CVar [[r.MaterialQualityLevel:1 ; High quality]]
[2019.01.19-15.34.55:123][  0]LogConfig: Setting CVar [[r.SSS.Scale:1]]
[2019.01.19-15.34.55:123][  0]LogConfig: Setting CVar [[r.SSS.SampleSet:2]]
[2019.01.19-15.34.55:123][  0]LogConfig: Setting CVar [[r.SSS.Quality:1]]
[2019.01.19-15.34.55:123][  0]LogConfig: Setting CVar [[r.SSS.HalfRes:1]]
[2019.01.19-15.34.55:123][  0]LogConfig: Setting CVar [[r.EmitterSpawnRateScale:1.0]]
[2019.01.19-15.34.55:123][  0]LogConfig: Setting CVar [[r.ParticleLightQuality:2]]
[2019.01.19-15.34.55:123][  0]LogConfig: Applying CVar settings from Section [FoliageQuality@3] File [C:/Users/Roel/Documents/Unreal Projects/Spudance/FPS_Project/Saved/Config/Windows/Scalability.ini]
[2019.01.19-15.34.55:123][  0]LogConfig: Setting CVar [[foliage.DensityScale:1.0]]
[2019.01.19-15.34.55:123][  0]LogConfig: Setting CVar [[grass.DensityScale:1.0]]
[2019.01.19-15.34.55:123][  0]LogInit: Selected Device Profile: [Windows]
[2019.01.19-15.34.55:123][  0]LogInit: Applying CVar settings loaded from the selected device profile: [Windows]
[2019.01.19-15.34.55:134][  0]LogHAL: Display: Platform has ~ 16 GB [17120305152 / 17179869184 / 16], which maps to Larger [LargestMinGB=32, LargerMinGB=12, DefaultMinGB=8, SmallerMinGB=6, SmallestMinGB=0)
[2019.01.19-15.34.55:134][  0]LogConfig: Setting CVar [[r.Vulkan.UseRealUBs:1]]
[2019.01.19-15.34.55:134][  0]LogInit: Going up to parent DeviceProfile []
[2019.01.19-15.34.55:134][  0]LogConfig: Applying CVar settings from Section [ViewDistanceQuality@3] File [C:/Users/Roel/Documents/Unreal Projects/Spudance/FPS_Project/Saved/Config/Windows/Scalability.ini]
[2019.01.19-15.34.55:134][  0]LogConfig: Setting CVar [[r.SkeletalMeshLODBias:0]]
[2019.01.19-15.34.55:134][  0]LogConfig: Setting CVar [[r.ViewDistanceScale:1.0]]
[2019.01.19-15.34.55:134][  0]LogConfig: Applying CVar settings from Section [AntiAliasingQuality@3] File [C:/Users/Roel/Documents/Unreal Projects/Spudance/FPS_Project/Saved/Config/Windows/Scalability.ini]
[2019.01.19-15.34.55:134][  0]LogConfig: Setting CVar [[r.PostProcessAAQuality:4]]
[2019.01.19-15.34.55:134][  0]LogConfig: Applying CVar settings from Section [ShadowQuality@3] File [C:/Users/Roel/Documents/Unreal Projects/Spudance/FPS_Project/Saved/Config/Windows/Scalability.ini]
[2019.01.19-15.34.55:134][  0]LogConfig: Setting CVar [[r.LightFunctionQuality:1]]
[2019.01.19-15.34.55:134][  0]LogConfig: Setting CVar [[r.ShadowQuality:5]]
[2019.01.19-15.34.55:134][  0]LogConfig: Setting CVar [[r.Shadow.CSM.MaxCascades:10]]
[2019.01.19-15.34.55:134][  0]LogConfig: Setting CVar [[r.Shadow.MaxResolution:2048]]
[2019.01.19-15.34.55:134][  0]LogConfig: Setting CVar [[r.Shadow.MaxCSMResolution:2048]]
[2019.01.19-15.34.55:134][  0]LogConfig: Setting CVar [[r.Shadow.RadiusThreshold:0.01]]
[2019.01.19-15.34.55:134][  0]LogConfig: Setting CVar [[r.Shadow.DistanceScale:1.0]]
[2019.01.19-15.34.55:134][  0]LogConfig: Setting CVar [[r.Shadow.CSM.TransitionScale:1.0]]
[2019.01.19-15.34.55:134][  0]LogConfig: Setting CVar [[r.Shadow.PreShadowResolutionFactor:1.0]]
[2019.01.19-15.34.55:134][  0]LogConfig: Setting CVar [[r.DistanceFieldShadowing:1]]
[2019.01.19-15.34.55:134][  0]LogConfig: Setting CVar [[r.DistanceFieldAO:1]]
[2019.01.19-15.34.55:134][  0]LogConfig: Setting CVar [[r.AOQuality:2]]
[2019.01.19-15.34.55:134][  0]LogConfig: Setting CVar [[r.VolumetricFog:1]]
[2019.01.19-15.34.55:134][  0]LogConfig: Setting CVar [[r.VolumetricFog.GridPixelSize:8]]
[2019.01.19-15.34.55:134][  0]LogConfig: Setting CVar [[r.VolumetricFog.GridSizeZ:128]]
[2019.01.19-15.34.55:134][  0]LogConfig: Setting CVar [[r.VolumetricFog.HistoryMissSupersampleCount:4]]
[2019.01.19-15.34.55:134][  0]LogConfig: Setting CVar [[r.LightMaxDrawDistanceScale:1]]
[2019.01.19-15.34.55:134][  0]LogConfig: Setting CVar [[r.CapsuleShadows:1]]
[2019.01.19-15.34.55:134][  0]LogConfig: Applying CVar settings from Section [PostProcessQuality@3] File [C:/Users/Roel/Documents/Unreal Projects/Spudance/FPS_Project/Saved/Config/Windows/Scalability.ini]
[2019.01.19-15.34.55:134][  0]LogConfig: Setting CVar [[r.MotionBlurQuality:4]]
[2019.01.19-15.34.55:134][  0]LogConfig: Setting CVar [[r.AmbientOcclusionMipLevelFactor:0.4]]
[2019.01.19-15.34.55:134][  0]LogConfig: Setting CVar [[r.AmbientOcclusionMaxQuality:100]]
[2019.01.19-15.34.55:134][  0]LogConfig: Setting CVar [[r.AmbientOcclusionLevels:-1]]
[2019.01.19-15.34.55:134][  0]LogConfig: Setting CVar [[r.AmbientOcclusionRadiusScale:1.0]]
[2019.01.19-15.34.55:134][  0]LogConfig: Setting CVar [[r.DepthOfFieldQuality:2]]
[2019.01.19-15.34.55:134][  0]LogConfig: Setting CVar [[r.RenderTargetPoolMin:400]]
[2019.01.19-15.34.55:134][  0]LogConfig: Setting CVar [[r.LensFlareQuality:2]]
[2019.01.19-15.34.55:134][  0]LogConfig: Setting CVar [[r.SceneColorFringeQuality:1]]
[2019.01.19-15.34.55:134][  0]LogConfig: Setting CVar [[r.EyeAdaptationQuality:2]]
[2019.01.19-15.34.55:134][  0]LogConfig: Setting CVar [[r.BloomQuality:5]]
[2019.01.19-15.34.55:134][  0]LogConfig: Setting CVar [[r.FastBlurThreshold:100]]
[2019.01.19-15.34.55:134][  0]LogConfig: Setting CVar [[r.Upscale.Quality:3]]
[2019.01.19-15.34.55:134][  0]LogConfig: Setting CVar [[r.Tonemapper.GrainQuantization:1]]
[2019.01.19-15.34.55:134][  0]LogConfig: Setting CVar [[r.LightShaftQuality:1]]
[2019.01.19-15.34.55:134][  0]LogConfig: Setting CVar [[r.Filter.SizeScale:1]]
[2019.01.19-15.34.55:134][  0]LogConfig: Setting CVar [[r.Tonemapper.Quality:5]]
[2019.01.19-15.34.55:134][  0]LogConfig: Setting CVar [[r.DOF.Gather.AccumulatorQuality:1        ; higher gathering accumulator quality]]
[2019.01.19-15.34.55:134][  0]LogConfig: Setting CVar [[r.DOF.Gather.PostfilterMethod:1          ; Median3x3 postfilering method]]
[2019.01.19-15.34.55:134][  0]LogConfig: Setting CVar [[r.DOF.Gather.EnableBokehSettings:0       ; no bokeh simulation when gathering]]
[2019.01.19-15.34.55:134][  0]LogConfig: Setting CVar [[r.DOF.Gather.RingCount:4                 ; medium number of samples when gathering]]
[2019.01.19-15.34.55:134][  0]LogConfig: Setting CVar [[r.DOF.Scatter.ForegroundCompositing:1    ; additive foreground scattering]]
[2019.01.19-15.34.55:134][  0]LogConfig: Setting CVar [[r.DOF.Scatter.BackgroundCompositing:2    ; additive background scattering]]
[2019.01.19-15.34.55:134][  0]LogConfig: Setting CVar [[r.DOF.Scatter.EnableBokehSettings:1      ; bokeh simulation when scattering]]
[2019.01.19-15.34.55:134][  0]LogConfig: Setting CVar [[r.DOF.Scatter.MaxSpriteRatio:0.1         ; only a maximum of 10% of scattered bokeh]]
[2019.01.19-15.34.55:134][  0]LogConfig: Setting CVar [[r.DOF.Recombine.Quality:1                ; cheap slight out of focus]]
[2019.01.19-15.34.55:134][  0]LogConfig: Setting CVar [[r.DOF.Recombine.EnableBokehSettings:0    ; no bokeh simulation on slight out of focus]]
[2019.01.19-15.34.55:134][  0]LogConfig: Setting CVar [[r.DOF.TemporalAAQuality:1                ; more stable temporal accumulation]]
[2019.01.19-15.34.55:134][  0]LogConfig: Setting CVar [[r.DOF.Kernel.MaxForegroundRadius:0.025]]
[2019.01.19-15.34.55:134][  0]LogConfig: Setting CVar [[r.DOF.Kernel.MaxBackgroundRadius:0.025]]
[2019.01.19-15.34.55:134][  0]LogConfig: Applying CVar settings from Section [TextureQuality@3] File [C:/Users/Roel/Documents/Unreal Projects/Spudance/FPS_Project/Saved/Config/Windows/Scalability.ini]
[2019.01.19-15.34.55:134][  0]LogConfig: Setting CVar [[r.Streaming.MipBias:0]]
[2019.01.19-15.34.55:134][  0]LogConfig: Setting CVar [[r.Streaming.AmortizeCPUToGPUCopy:0]]
[2019.01.19-15.34.55:134][  0]LogConfig: Setting CVar [[r.Streaming.MaxNumTexturesToStreamPerFrame:0]]
[2019.01.19-15.34.55:134][  0]LogConfig: Setting CVar [[r.Streaming.Boost:1]]
[2019.01.19-15.34.55:134][  0]LogConfig: Setting CVar [[r.MaxAnisotropy:8]]
[2019.01.19-15.34.55:134][  0]LogConfig: Setting CVar [[r.Streaming.LimitPoolSizeToVRAM:0]]
[2019.01.19-15.34.55:134][  0]LogConfig: Setting CVar [[r.Streaming.PoolSize:1000]]
[2019.01.19-15.34.55:134][  0]LogConfig: Setting CVar [[r.Streaming.MaxEffectiveScreenSize:0]]
[2019.01.19-15.34.55:134][  0]LogConfig: Applying CVar settings from Section [EffectsQuality@3] File [C:/Users/Roel/Documents/Unreal Projects/Spudance/FPS_Project/Saved/Config/Windows/Scalability.ini]
[2019.01.19-15.34.55:134][  0]LogConfig: Setting CVar [[r.TranslucencyLightingVolumeDim:64]]
[2019.01.19-15.34.55:134][  0]LogConfig: Setting CVar [[r.RefractionQuality:2]]
[2019.01.19-15.34.55:134][  0]LogConfig: Setting CVar [[r.SSR.Quality:3]]
[2019.01.19-15.34.55:134][  0]LogConfig: Setting CVar [[r.SceneColorFormat:4]]
[2019.01.19-15.34.55:134][  0]LogConfig: Setting CVar [[r.DetailMode:2]]
[2019.01.19-15.34.55:134][  0]LogConfig: Setting CVar [[r.TranslucencyVolumeBlur:1]]
[2019.01.19-15.34.55:134][  0]LogConfig: Setting CVar [[r.MaterialQualityLevel:1 ; High quality]]
[2019.01.19-15.34.55:134][  0]LogConfig: Setting CVar [[r.SSS.Scale:1]]
[2019.01.19-15.34.55:134][  0]LogConfig: Setting CVar [[r.SSS.SampleSet:2]]
[2019.01.19-15.34.55:134][  0]LogConfig: Setting CVar [[r.SSS.Quality:1]]
[2019.01.19-15.34.55:134][  0]LogConfig: Setting CVar [[r.SSS.HalfRes:1]]
[2019.01.19-15.34.55:134][  0]LogConfig: Setting CVar [[r.EmitterSpawnRateScale:1.0]]
[2019.01.19-15.34.55:134][  0]LogConfig: Setting CVar [[r.ParticleLightQuality:2]]
[2019.01.19-15.34.55:134][  0]LogConfig: Applying CVar settings from Section [FoliageQuality@3] File [C:/Users/Roel/Documents/Unreal Projects/Spudance/FPS_Project/Saved/Config/Windows/Scalability.ini]
[2019.01.19-15.34.55:134][  0]LogConfig: Setting CVar [[foliage.DensityScale:1.0]]
[2019.01.19-15.34.55:134][  0]LogConfig: Setting CVar [[grass.DensityScale:1.0]]
[2019.01.19-15.34.55:134][  0]LogConfig: Applying CVar settings from Section [Startup] File [../../../Engine/Config/ConsoleVariables.ini]
[2019.01.19-15.34.55:135][  0]LogConfig: Setting CVar [[net.UseAdaptiveNetUpdateFrequency:0]]
[2019.01.19-15.34.55:135][  0]LogConfig: Applying CVar settings from Section [ConsoleVariables] File [C:/Users/Roel/Documents/Unreal Projects/Spudance/FPS_Project/Saved/Config/Windows/Engine.ini]
[2019.01.19-15.34.55:135][  0]LogInit: Computer: DESKTOP-ERD7Q7F
[2019.01.19-15.34.55:135][  0]LogInit: User: Roel
[2019.01.19-15.34.55:135][  0]LogInit: CPU Page size=4096, Cores=4
[2019.01.19-15.34.55:135][  0]LogInit: High frequency timer resolution =4.101563 MHz
[2019.01.19-15.34.55:135][  0]LogMemory: Memory total: Physical=15.9GB (16GB approx)
[2019.01.19-15.34.55:135][  0]LogMemory: Platform Memory Stats for Windows
[2019.01.19-15.34.55:135][  0]LogMemory: Process Physical Memory: 103.66 MB used, 103.66 MB peak
[2019.01.19-15.34.55:135][  0]LogMemory: Process Virtual Memory: 89.64 MB used, 89.64 MB peak
[2019.01.19-15.34.55:135][  0]LogMemory: Physical Memory: 6438.96 MB used,  9888.23 MB free, 16327.20 MB total
[2019.01.19-15.34.55:135][  0]LogMemory: Virtual Memory: 549.85 MB used,  134217176.00 MB free, 134217728.00 MB total
[2019.01.19-15.34.55:149][  0]LogInit: Using OS detected language (en-US).
[2019.01.19-15.34.55:149][  0]LogInit: Using OS detected locale (en-US).
[2019.01.19-15.34.55:150][  0]LogTextLocalizationManager: No specific localization for 'en-US' exists, so the 'en' localization will be used.
[2019.01.19-15.34.55:433][  0]LogStreaming: Display: Took  0.284s to InitEngineTextLocalization.
[2019.01.19-15.34.55:433][  0]LogInit: Setting process to per monitor DPI aware
[2019.01.19-15.34.55:459][  0]LogSlate: New Slate User Created.  User Index 0, Is Virtual User: 0
[2019.01.19-15.34.55:459][  0]LogSlate: Slate User Registered.  User Index 0, Is Virtual User: 0
[2019.01.19-15.34.55:595][  0]LogHMD: Failed to initialize OpenVR with code 110
[2019.01.19-15.34.55:595][  0]LogD3D11RHI: D3D11 adapters:
[2019.01.19-15.34.55:651][  0]LogD3D11RHI:    0. 'NVIDIA GeForce GTX 1070' (Feature Level 11_0)
[2019.01.19-15.34.55:651][  0]LogD3D11RHI:       8088/0/8163 MB DedicatedVideo/DedicatedSystem/SharedSystem, Outputs:2, VendorId:0x10de
[2019.01.19-15.34.55:654][  0]LogD3D11RHI:    1. 'Microsoft Basic Render Driver' (Feature Level 11_0)
[2019.01.19-15.34.55:654][  0]LogD3D11RHI:       0/0/8163 MB DedicatedVideo/DedicatedSystem/SharedSystem, Outputs:0, VendorId:0x1414
[2019.01.19-15.34.55:654][  0]LogD3D11RHI: Chosen D3D11 Adapter: 0
[2019.01.19-15.34.55:659][  0]LogD3D11RHI: Creating new Direct3DDevice
[2019.01.19-15.34.55:659][  0]LogD3D11RHI:     GPU DeviceId: 0x1b81 (for the marketing name, search the web for "GPU Device Id")
[2019.01.19-15.34.55:659][  0]LogWindows: EnumDisplayDevices:
[2019.01.19-15.34.55:659][  0]LogWindows:    0. 'NVIDIA GeForce GTX 1070' (P:1 D:1)
[2019.01.19-15.34.55:660][  0]LogWindows:    1. 'NVIDIA GeForce GTX 1070' (P:0 D:1)
[2019.01.19-15.34.55:660][  0]LogWindows:    2. 'NVIDIA GeForce GTX 1070' (P:0 D:0)
[2019.01.19-15.34.55:660][  0]LogWindows:    3. 'NVIDIA GeForce GTX 1070' (P:0 D:0)
[2019.01.19-15.34.55:660][  0]LogWindows: DebugString: FoundDriverCount:4 
[2019.01.19-15.34.55:660][  0]LogD3D11RHI:     Adapter Name: NVIDIA GeForce GTX 1070
[2019.01.19-15.34.55:660][  0]LogD3D11RHI:   Driver Version: 417.35 (internal:25.21.14.1735, unified:417.35)
[2019.01.19-15.34.55:660][  0]LogD3D11RHI:      Driver Date: 12-11-2018
[2019.01.19-15.34.55:660][  0]LogRHI: Texture pool is 5661 MB (70% of 8088 MB)
[2019.01.19-15.34.55:692][  0]LogD3D11RHI: Async texture creation enabled
[2019.01.19-15.34.55:732][  0]LogD3D11RHI: GPU Timing Frequency: 1000.000000 (Debug: 2 2)
[2019.01.19-15.34.56:073][  0]LogTemp: Display: Loaded TP AllDesktopTargetPlatform
[2019.01.19-15.34.56:086][  0]LogTemp: Display: Loaded TP MacClientTargetPlatform
[2019.01.19-15.34.56:099][  0]LogTemp: Display: Loaded TP MacNoEditorTargetPlatform
[2019.01.19-15.34.56:110][  0]LogTemp: Display: Loaded TP MacServerTargetPlatform
[2019.01.19-15.34.56:123][  0]LogTemp: Display: Loaded TP MacTargetPlatform
[2019.01.19-15.34.56:133][  0]LogTemp: Display: Loaded TP WindowsClientTargetPlatform
[2019.01.19-15.34.56:142][  0]LogTemp: Display: Loaded TP WindowsNoEditorTargetPlatform
[2019.01.19-15.34.56:150][  0]LogTemp: Display: Loaded TP WindowsServerTargetPlatform
[2019.01.19-15.34.56:156][  0]LogTemp: Display: Loaded TP WindowsTargetPlatform
[2019.01.19-15.34.56:214][  0]LogTemp: Display: Loaded TP AndroidTargetPlatform
[2019.01.19-15.34.56:214][  0]LogTemp: Display: Loaded TP AndroidTargetPlatform
[2019.01.19-15.34.56:214][  0]LogTemp: Display: Loaded TP AndroidTargetPlatform
[2019.01.19-15.34.56:214][  0]LogTemp: Display: Loaded TP AndroidTargetPlatform
[2019.01.19-15.34.56:214][  0]LogTemp: Display: Loaded TP AndroidTargetPlatform
[2019.01.19-15.34.56:214][  0]LogTemp: Display: Loaded TP AndroidTargetPlatform
[2019.01.19-15.34.56:214][  0]LogTemp: Display: Loaded TP AndroidTargetPlatform
[2019.01.19-15.34.56:214][  0]LogTemp: Display: Loaded TP AndroidTargetPlatform
[2019.01.19-15.34.56:214][  0]LogTemp: Display: Loaded TP AndroidTargetPlatform
[2019.01.19-15.34.56:214][  0]LogTemp: Display: Loaded TP AndroidTargetPlatform
[2019.01.19-15.34.56:214][  0]LogTemp: Display: Loaded TP AndroidTargetPlatform
[2019.01.19-15.34.56:214][  0]LogTemp: Display: Loaded TP AndroidTargetPlatform
[2019.01.19-15.34.56:214][  0]LogTemp: Display: Loaded TP AndroidTargetPlatform
[2019.01.19-15.34.56:214][  0]LogTemp: Display: Loaded TP AndroidTargetPlatform
[2019.01.19-15.34.56:214][  0]LogTemp: Display: Loaded TP AndroidTargetPlatform
[2019.01.19-15.34.56:214][  0]LogTemp: Display: Loaded TP AndroidTargetPlatform
[2019.01.19-15.34.56:214][  0]LogTemp: Display: Loaded TP AndroidTargetPlatform
[2019.01.19-15.34.56:214][  0]LogTemp: Display: Loaded TP AndroidTargetPlatform
[2019.01.19-15.34.56:216][  0]LogTemp: Display: Loaded TP HTML5TargetPlatform
[2019.01.19-15.34.56:267][  0]LogTemp: Display: Loaded TP IOSTargetPlatform
[2019.01.19-15.34.56:267][  0]LogTemp: Display: Loaded TP IOSTargetPlatform
[2019.01.19-15.34.56:285][  0]LogTemp: Display: Loaded TP TVOSTargetPlatform
[2019.01.19-15.34.56:285][  0]LogTemp: Display: Loaded TP TVOSTargetPlatform
[2019.01.19-15.34.56:296][  0]LogTemp: Display: Loaded TP LinuxClientTargetPlatform
[2019.01.19-15.34.56:304][  0]LogTemp: Display: Loaded TP LinuxNoEditorTargetPlatform
[2019.01.19-15.34.56:313][  0]LogTemp: Display: Loaded TP LinuxServerTargetPlatform
[2019.01.19-15.34.56:326][  0]LogTemp: Display: Loaded TP LinuxTargetPlatform
[2019.01.19-15.34.56:364][  0]LogTemp: Display: Loaded TP LuminTargetPlatform
[2019.01.19-15.34.56:364][  0]LogTemp: Display: Loaded TP LuminTargetPlatform
[2019.01.19-15.34.56:364][  0]LogTargetPlatformManager: Display: Building Assets For Windows
[2019.01.19-15.34.56:400][  0]LogShaderCompilers: Guid format shader working directory is -15 characters bigger than the processId version (C:/Users/Roel/Documents/Unreal Projects/Spudance/FPS_Project/Intermediate/Shaders/WorkingDirectory/5220/).
[2019.01.19-15.34.56:400][  0]LogShaderCompilers: Cleaned the shader compiler working directory 'C:/Users/Roel/AppData/Local/Temp/UnrealShaderWorkingDir/98FB8CE744C0C729AFA70CAF75E4A819/'.
[2019.01.19-15.34.56:401][  0]LogXGEController: Cannot use XGE Controller as Incredibuild is not installed on this machine.
[2019.01.19-15.34.56:401][  0]LogShaderCompilers: Cannot use XGE Shader Compiler as Incredibuild is not installed on this machine.
[2019.01.19-15.34.56:401][  0]LogShaderCompilers: Display: Using Local Shader Compiler.
[2019.01.19-15.34.56:812][  0]LogDerivedDataCache: Display: Max Cache Size: 512 MB
[2019.01.19-15.34.56:853][  0]LogDerivedDataCache: Loaded boot cache 0.04s 71MB C:/Users/Roel/AppData/Local/UnrealEngine/4.21/DerivedDataCache/Boot.ddc.
[2019.01.19-15.34.56:853][  0]LogDerivedDataCache: Display: Loaded Boot cache: C:/Users/Roel/AppData/Local/UnrealEngine/4.21/DerivedDataCache/Boot.ddc
[2019.01.19-15.34.56:853][  0]LogDerivedDataCache: FDerivedDataBackendGraph:  Pak pak cache file C:/Users/Roel/Documents/Unreal Projects/Spudance/FPS_Project/DerivedDataCache/DDC.ddp not found, will not use a pak cache.
[2019.01.19-15.34.56:853][  0]LogDerivedDataCache: Unable to find inner node Pak for hierarchical cache Hierarchy.
[2019.01.19-15.34.56:853][  0]LogDerivedDataCache: FDerivedDataBackendGraph:  CompressedPak pak cache file C:/Users/Roel/Documents/Unreal Projects/Spudance/FPS_Project/DerivedDataCache/Compressed.ddp not found, will not use a pak cache.
[2019.01.19-15.34.56:853][  0]LogDerivedDataCache: Unable to find inner node CompressedPak for hierarchical cache Hierarchy.
[2019.01.19-15.34.56:863][  0]LogDerivedDataCache: Display: Pak cache opened for reading ../../../Engine/DerivedDataCache/Compressed.ddp.
[2019.01.19-15.34.56:863][  0]LogDerivedDataCache: FDerivedDataBackendGraph:  EnterprisePak pak cache file ../../../Enterprise/DerivedDataCache/Compressed.ddp not found, will not use a pak cache.
[2019.01.19-15.34.56:863][  0]LogDerivedDataCache: Unable to find inner node EnterprisePak for hierarchical cache Hierarchy.
[2019.01.19-15.34.56:875][  0]LogDerivedDataCache: Using Local data cache path C:/Users/Roel/AppData/Local/UnrealEngine/Common/DerivedDataCache: Writable
[2019.01.19-15.34.56:875][  0]LogDerivedDataCache: Shared data cache path not found in *engine.ini, will not use an Shared cache.
[2019.01.19-15.34.56:875][  0]LogDerivedDataCache: Unable to find inner node Shared for hierarchical cache Hierarchy.
[2019.01.19-15.34.56:892][  0]LogMaterial: Verifying Global Shaders for PCD3D_SM5
[2019.01.19-15.34.56:893][  0]LogSlate: Using FreeType 2.6.0
[2019.01.19-15.34.56:894][  0]LogSlate: SlateFontServices - WITH_FREETYPE: 1, WITH_HARFBUZZ: 1
[2019.01.19-15.34.56:966][  0]LogAssetRegistry: FAssetRegistry took 0.0301 seconds to start up
[2019.01.19-15.34.57:216][  0]LogInit: Selected Device Profile: [Windows]
[2019.01.19-15.34.57:265][  0]LogSimplygon: Simplygon DLL not present - disabling.
[2019.01.19-15.34.57:268][  0]LogMeshReduction: Using SimplygonSwarm for distributed automatic mesh merging
[2019.01.19-15.34.57:268][  0]LogMeshReduction: Using ProxyLODMeshReduction for automatic mesh merging
[2019.01.19-15.34.57:268][  0]LogMeshReduction: Using QuadricMeshReduction for automatic static mesh reduction
[2019.01.19-15.34.57:268][  0]LogMeshReduction: No automatic skeletal mesh reduction module available
[2019.01.19-15.34.57:339][  0]LogNetVersion: FPS_Project 1.0.0, NetCL: 4541578, EngineNetVer: 5, GameNetVer: 0 (Checksum: 684645386)
[2019.01.19-15.34.57:770][  0]LogPackageLocalizationCache: Processed 11 localized package path(s) for 2 prioritized culture(s) in 0.092660 seconds
[2019.01.19-15.34.57:775][  0]LogUObjectArray: 39775 objects as part of root set at end of initial load.
[2019.01.19-15.34.57:775][  0]LogUObjectAllocator: 6914656 out of 0 bytes used by permanent object pool.
[2019.01.19-15.34.57:775][  0]LogUObjectArray: CloseDisregardForGC: 0/0 objects in disregard for GC pool
[2019.01.19-15.34.58:435][  0]LogTcpMessaging: Initializing TcpMessaging bridge
[2019.01.19-15.34.58:448][  0]LogUdpMessaging: Initializing bridge on interface 0.0.0.0:0 to multicast group 230.0.0.1:6666.
[2019.01.19-15.34.58:941][  0]SourceControl: Source control is disabled
[2019.01.19-15.34.59:889][  0]LogAndroidPermission: UAndroidPermissionCallbackProxy::GetInstance
[2019.01.19-15.34.59:956][  0]LogOcInput: OculusInput pre-init called
[2019.01.19-15.35.00:076][  0]LogEngine: Initializing Engine...
[2019.01.19-15.35.00:077][  0]LogHMD: Failed to initialize OpenVR with code 110
[2019.01.19-15.35.00:078][  0]LogStats: UGameplayTagsManager::ConstructGameplayTagTree: ImportINI prefixes -  0.000 s
[2019.01.19-15.35.00:078][  0]LogStats: UGameplayTagsManager::ConstructGameplayTagTree: Construct from data asset -  0.000 s
[2019.01.19-15.35.00:078][  0]LogStats: UGameplayTagsManager::ConstructGameplayTagTree: ImportINI -  0.000 s
[2019.01.19-15.35.00:078][  0]LogStats: UGameplayTagsManager::ConstructGameplayTagTree: GameplayTagTreeChangedEvent.Broadcast -  0.000 s
[2019.01.19-15.35.00:244][  0]LogInit: Initializing FReadOnlyCVARCache
[2019.01.19-15.35.00:251][  0]LogAIModule: Creating AISystem for world Untitled
[2019.01.19-15.35.00:299][  0]LogInit: XAudio2 using 'Headset Earphone (Corsair VOID PRO USB Gaming Headset)' : 6 channels at 48 kHz using 16 bits per sample (channel mask 0x3f)
[2019.01.19-15.35.00:400][  0]LogInit: FAudioDevice initialized.
[2019.01.19-15.35.00:400][  0]LogNetVersion: Set ProjectVersion to 1.0.0.0. Version Checksum will be recalculated on next use.
[2019.01.19-15.35.00:466][  0]LogDerivedDataCache: Saved boot cache 0.07s 71MB C:/Users/Roel/AppData/Local/UnrealEngine/4.21/DerivedDataCache/Boot.ddc.
[2019.01.19-15.35.00:473][  0]LogInit: Texture streaming: Enabled
[2019.01.19-15.35.00:486][  0]LogEngineSessionManager: EngineSessionManager initialized
[2019.01.19-15.35.00:496][  0]LogInit: Transaction tracking system initialized
[2019.01.19-15.35.00:510][  0]BlueprintLog: New page: Editor Load
[2019.01.19-15.35.00:554][  0]LocalizationService: Localization service is disabled
[2019.01.19-15.35.00:889][  0]LogFileCache: Scanning file cache for directory 'C:/Users/Roel/Documents/Unreal Projects/Spudance/FPS_Project/Content/' took 0.01s
[2019.01.19-15.35.00:890][  0]LogCook: Display: Max memory allowance for cook 16384mb min free memory 0mb
[2019.01.19-15.35.00:890][  0]LogCook: Display: Mobile HDR setting 1
[2019.01.19-15.35.00:890][  0]LogGameplayTags: Display: UGameplayTagsManager::DoneAddingNativeTags. DelegateIsBound: 0
[2019.01.19-15.35.00:890][  0]LogStats: UGameplayTagsManager::ConstructGameplayTagTree: ImportINI prefixes -  0.000 s
[2019.01.19-15.35.00:890][  0]LogStats: UGameplayTagsManager::ConstructGameplayTagTree: Construct from data asset -  0.000 s
[2019.01.19-15.35.00:890][  0]LogStats: UGameplayTagsManager::ConstructGameplayTagTree: ImportINI -  0.000 s
[2019.01.19-15.35.00:890][  0]LogStats: UGameplayTagsManager::ConstructGameplayTagTree: GameplayTagTreeChangedEvent.Broadcast -  0.000 s
[2019.01.19-15.35.00:973][  0]Cmd: MAP LOAD FILE="C:/Users/Roel/Documents/Unreal Projects/Spudance/FPS_Project/Content/ThirdPersonBP/Maps/ThirdPersonExampleMap.umap" TEMPLATE=0 SHOWPROGRESS=1 FEATURELEVEL=3
[2019.01.19-15.35.00:973][  0]LightingResults: New page: Lighting Build
[2019.01.19-15.35.00:974][  0]MapCheck: New page: Map Check
[2019.01.19-15.35.00:974][  0]LightingResults: New page: Lighting Build
[2019.01.19-15.35.01:265][  0]LogAIModule: Creating AISystem for world ThirdPersonExampleMap
[2019.01.19-15.35.01:277][  0]LogEditorServer: Finished looking for orphan Actors (0.000 secs)
[2019.01.19-15.35.01:296][  0]Cmd: MAP CHECKDEP NOCLEARLOG
[2019.01.19-15.35.01:297][  0]MapCheck: Map check complete: 0 Error(s), 0 Warning(s), took 0.142ms to complete.
[2019.01.19-15.35.01:297][  0]LogFileHelpers: Loading map 'ThirdPersonExampleMap' took 0.324
[2019.01.19-15.35.01:387][  0]LogSlate: Updating window title bar state: overlay mode, drag disabled, window buttons hidden, title bar hidden
[2019.01.19-15.35.01:394][  0]LogSlate: Updating window title bar state: overlay mode, drag disabled, window buttons hidden, title bar hidden
[2019.01.19-15.35.01:400][  0]LogSlate: Updating window title bar state: overlay mode, drag disabled, window buttons hidden, title bar hidden
[2019.01.19-15.35.01:407][  0]LogSlate: Updating window title bar state: overlay mode, drag disabled, window buttons hidden, title bar hidden
[2019.01.19-15.35.01:411][  0]LogCollectionManager: Loaded 0 collections in 0.000720 seconds
[2019.01.19-15.35.01:449][  0]LogFileCache: Scanning file cache for directory 'C:/Users/Roel/Documents/Unreal Projects/Spudance/FPS_Project/Saved/Collections/' took 0.01s
[2019.01.19-15.35.01:449][  0]LogFileCache: Scanning file cache for directory 'C:/Users/Roel/Documents/Unreal Projects/Spudance/FPS_Project/Content/Developers/Roel/Collections/' took 0.01s
[2019.01.19-15.35.01:449][  0]LogFileCache: Scanning file cache for directory 'C:/Users/Roel/Documents/Unreal Projects/Spudance/FPS_Project/Content/Collections/' took 0.01s
[2019.01.19-15.35.01:449][  0]LogCollectionManager: Rebuilt the GUID cache for 0 collections in 0.000000 seconds
[2019.01.19-15.35.01:456][  0]LogContentBrowser: Native class hierarchy populated in 0.0067 seconds. Added 2651 classes and 620 folders.
[2019.01.19-15.35.01:460][  0]LogContentBrowser: Native class hierarchy updated for 'WidgetCarousel' in 0.0003 seconds. Added 0 classes and 0 folders.
[2019.01.19-15.35.01:461][  0]LogPakFile: Registered encryption key '00000000000000000000000000000000': 0 pak files mounted, 0 remain pending
[2019.01.19-15.35.01:462][  0]LogPakFile: Registered encryption key '00000000000000000000000000000000': 0 pak files mounted, 0 remain pending
[2019.01.19-15.35.01:462][  0]LogPakFile: Registered encryption key '00000000000000000000000000000000': 0 pak files mounted, 0 remain pending
[2019.01.19-15.35.01:462][  0]LogPakFile: Registered encryption key '00000000000000000000000000000000': 0 pak files mounted, 0 remain pending
[2019.01.19-15.35.01:463][  0]LogPakFile: Registered encryption key '00000000000000000000000000000000': 0 pak files mounted, 0 remain pending
[2019.01.19-15.35.01:463][  0]LogPakFile: Registered encryption key '00000000000000000000000000000000': 0 pak files mounted, 0 remain pending
[2019.01.19-15.35.01:463][  0]LogPakFile: Registered encryption key '00000000000000000000000000000000': 0 pak files mounted, 0 remain pending
[2019.01.19-15.35.01:464][  0]LogPakFile: Registered encryption key '00000000000000000000000000000000': 0 pak files mounted, 0 remain pending
[2019.01.19-15.35.01:464][  0]LogPakFile: Registered encryption key '00000000000000000000000000000000': 0 pak files mounted, 0 remain pending
[2019.01.19-15.35.01:464][  0]LogPakFile: Registered encryption key '00000000000000000000000000000000': 0 pak files mounted, 0 remain pending
[2019.01.19-15.35.01:464][  0]LogPakFile: Registered encryption key '00000000000000000000000000000000': 0 pak files mounted, 0 remain pending
[2019.01.19-15.35.01:465][  0]LogPakFile: Registered encryption key '00000000000000000000000000000000': 0 pak files mounted, 0 remain pending
[2019.01.19-15.35.01:465][  0]LogPakFile: Registered encryption key '00000000000000000000000000000000': 0 pak files mounted, 0 remain pending
[2019.01.19-15.35.01:466][  0]LogPakFile: Registered encryption key '00000000000000000000000000000000': 0 pak files mounted, 0 remain pending
[2019.01.19-15.35.01:466][  0]LogPakFile: Registered encryption key '00000000000000000000000000000000': 0 pak files mounted, 0 remain pending
[2019.01.19-15.35.01:467][  0]LogPakFile: Registered encryption key '00000000000000000000000000000000': 0 pak files mounted, 0 remain pending
[2019.01.19-15.35.01:467][  0]LogPakFile: Registered encryption key '00000000000000000000000000000000': 0 pak files mounted, 0 remain pending
[2019.01.19-15.35.01:467][  0]LogPakFile: Registered encryption key '00000000000000000000000000000000': 0 pak files mounted, 0 remain pending
[2019.01.19-15.35.01:468][  0]LogPakFile: Registered encryption key '00000000000000000000000000000000': 0 pak files mounted, 0 remain pending
[2019.01.19-15.35.01:468][  0]LogPakFile: Registered encryption key '00000000000000000000000000000000': 0 pak files mounted, 0 remain pending
[2019.01.19-15.35.01:469][  0]LogPakFile: Registered encryption key '00000000000000000000000000000000': 0 pak files mounted, 0 remain pending
[2019.01.19-15.35.01:469][  0]LogPakFile: Registered encryption key '00000000000000000000000000000000': 0 pak files mounted, 0 remain pending
[2019.01.19-15.35.01:469][  0]LogPakFile: Registered encryption key '00000000000000000000000000000000': 0 pak files mounted, 0 remain pending
[2019.01.19-15.35.01:470][  0]LogPakFile: Registered encryption key '00000000000000000000000000000000': 0 pak files mounted, 0 remain pending
[2019.01.19-15.35.01:470][  0]LogPakFile: Registered encryption key '00000000000000000000000000000000': 0 pak files mounted, 0 remain pending
[2019.01.19-15.35.01:471][  0]LogPakFile: Registered encryption key '00000000000000000000000000000000': 0 pak files mounted, 0 remain pending
[2019.01.19-15.35.01:491][  0]LogContentBrowser: Native class hierarchy updated for 'AddContentDialog' in 0.0003 seconds. Added 0 classes and 0 folders.
[2019.01.19-15.35.01:495][  0]LogContentBrowser: Native class hierarchy updated for 'SceneOutliner' in 0.0003 seconds. Added 1 classes and 2 folders.
[2019.01.19-15.35.01:507][  0]LogSlate: Took 0.000123 seconds to synchronously load lazily loaded font '../../../Engine/Content/Slate/Fonts/Roboto-Regular.ttf' (155K)
[2019.01.19-15.35.01:508][  0]LogSlate: Took 0.000142 seconds to synchronously load lazily loaded font '../../../Engine/Content/Slate/Fonts/Roboto-Bold.ttf' (160K)
[2019.01.19-15.35.01:513][  0]LogSlate: Took 0.000130 seconds to synchronously load lazily loaded font '../../../Engine/Content/Editor/Slate/Fonts/FontAwesome.ttf' (139K)
[2019.01.19-15.35.01:587][  0]LogRenderer: Reallocating scene render targets to support 1208x576 Format 10 NumSamples 1 (Frame:1).
[2019.01.19-15.35.01:727][  0]LogContentBrowser: Native class hierarchy updated for 'HierarchicalLODOutliner' in 0.0002 seconds. Added 0 classes and 0 folders.
[2019.01.19-15.35.01:728][  0]LogLoad: (Engine Initialization) Total time: 7.93 seconds
[2019.01.19-15.35.01:728][  0]LogLoad: (Engine Initialization) Total Blueprint compile time: 0.00 seconds
[2019.01.19-15.35.01:737][  0]LogWindowsTextInputMethodSystem: Display: IME system now deactivated.
[2019.01.19-15.35.01:784][  0]LogContentStreaming: Texture pool size now 1000 MB
[2019.01.19-15.35.01:800][  0]LogSlate: Took 0.000140 seconds to synchronously load lazily loaded font '../../../Engine/Content/Slate/Fonts/Roboto-Light.ttf' (167K)
[2019.01.19-15.35.01:865][  2]LogAssetRegistry: Asset discovery search completed in 4.9218 seconds
[2019.01.19-15.35.01:867][  2]LogCollectionManager: Rebuilt the object cache for 0 collections in 0.000000 seconds (found 0 objects)
[2019.01.19-15.35.01:867][  2]LogCollectionManager: Fixed up redirectors for 0 collections in 0.000061 seconds (updated 0 objects)
[2019.01.19-15.35.02:745][103]LogSlate: Took 0.000158 seconds to synchronously load lazily loaded font '../../../Engine/Content/Slate/Fonts/Roboto-Light.ttf' (167K)
[2019.01.19-15.35.14:068][460]LogSlate: FSceneViewport::OnFocusLost() reason 0
[2019.01.19-15.35.17:446][865]LogSlate: FSceneViewport::OnFocusLost() reason 0
[2019.01.19-15.35.17:521][874]LogTemp: Repeating last play command: Selected Viewport
[2019.01.19-15.35.17:531][874]LogBlueprintUserMessages: Early PlayInEditor Detection: Level '/Game/ThirdPersonBP/Maps/ThirdPersonExampleMap.ThirdPersonExampleMap:PersistentLevel' has LevelScriptBlueprint '/Game/ThirdPersonBP/Maps/ThirdPersonExampleMap.ThirdPersonExampleMap:PersistentLevel.ThirdPersonExampleMap' with GeneratedClass '/Game/ThirdPersonBP/Maps/ThirdPersonExampleMap.ThirdPersonExampleMap_C' with ClassGeneratedBy '/Game/ThirdPersonBP/Maps/ThirdPersonExampleMap.ThirdPersonExampleMap:PersistentLevel.ThirdPersonExampleMap'
[2019.01.19-15.35.17:532][874]LogPlayLevel: PlayLevel: No blueprints needed recompiling
[2019.01.19-15.35.17:538][874]PIE: New page: PIE session: ThirdPersonExampleMap (Jan 19, 2019, 5:35:17 PM)
[2019.01.19-15.35.17:550][874]LogPlayLevel: Creating play world package: /Game/ThirdPersonBP/Maps/UEDPIE_0_ThirdPersonExampleMap
[2019.01.19-15.35.17:565][874]LogPlayLevel: PIE: StaticDuplicateObject took: (0.014315s)
[2019.01.19-15.35.17:565][874]LogAIModule: Creating AISystem for world ThirdPersonExampleMap
[2019.01.19-15.35.17:566][874]LogPlayLevel: PIE: World Init took: (0.000947s)
[2019.01.19-15.35.17:566][874]LogPlayLevel: PIE: Created PIE world by copying editor world from /Game/ThirdPersonBP/Maps/ThirdPersonExampleMap.ThirdPersonExampleMap to /Game/ThirdPersonBP/Maps/UEDPIE_0_ThirdPersonExampleMap.ThirdPersonExampleMap (0.015522s)
[2019.01.19-15.35.17:588][874]LogInit: XAudio2 using 'Headset Earphone (Corsair VOID PRO USB Gaming Headset)' : 6 channels at 48 kHz using 16 bits per sample (channel mask 0x3f)
[2019.01.19-15.35.17:679][874]LogInit: FAudioDevice initialized.
[2019.01.19-15.35.17:729][874]LogLoad: Game class is 'ThirdPersonGameMode_C'
[2019.01.19-15.35.17:732][874]LogWorld: Bringing World /Game/ThirdPersonBP/Maps/UEDPIE_0_ThirdPersonExampleMap.ThirdPersonExampleMap up for play (max tick rate 0) at 2019.01.19-16.35.17
[2019.01.19-15.35.17:735][874]LogWorld: Bringing up level for play took: 0.005482
[2019.01.19-15.35.17:767][874]LogContentBrowser: Native class hierarchy updated for 'MovieSceneCapture' in 0.0003 seconds. Added 20 classes and 0 folders.
[2019.01.19-15.35.17:768][874]PIE: Play in editor start time for /Game/ThirdPersonBP/Maps/UEDPIE_0_ThirdPersonExampleMap 0.952
[2019.01.19-15.35.17:768][874]LogBlueprintUserMessages: Late PlayInEditor Detection: Level '/Game/ThirdPersonBP/Maps/ThirdPersonExampleMap.ThirdPersonExampleMap:PersistentLevel' has LevelScriptBlueprint '/Game/ThirdPersonBP/Maps/ThirdPersonExampleMap.ThirdPersonExampleMap:PersistentLevel.ThirdPersonExampleMap' with GeneratedClass '/Game/ThirdPersonBP/Maps/ThirdPersonExampleMap.ThirdPersonExampleMap_C' with ClassGeneratedBy '/Game/ThirdPersonBP/Maps/ThirdPersonExampleMap.ThirdPersonExampleMap:PersistentLevel.ThirdPersonExampleMap'
[2019.01.19-15.36.14:708][698]LogBlueprintUserMessages: Early EndPlayMap Detection: Level '/Game/ThirdPersonBP/Maps/ThirdPersonExampleMap.ThirdPersonExampleMap:PersistentLevel' has LevelScriptBlueprint '/Game/ThirdPersonBP/Maps/ThirdPersonExampleMap.ThirdPersonExampleMap:PersistentLevel.ThirdPersonExampleMap' with GeneratedClass '/Game/ThirdPersonBP/Maps/ThirdPersonExampleMap.ThirdPersonExampleMap_C' with ClassGeneratedBy '/Game/ThirdPersonBP/Maps/ThirdPersonExampleMap.ThirdPersonExampleMap:PersistentLevel.ThirdPersonExampleMap'
[2019.01.19-15.36.14:710][698]LogSlate: Updating window title bar state: overlay mode, drag disabled, window buttons hidden, title bar hidden
[2019.01.19-15.36.14:740][698]LogPlayLevel: Display: Shutting down PIE online subsystems
[2019.01.19-15.36.14:741][698]LogBlueprintUserMessages: Late EndPlayMap Detection: Level '/Game/ThirdPersonBP/Maps/ThirdPersonExampleMap.ThirdPersonExampleMap:PersistentLevel' has LevelScriptBlueprint '/Game/ThirdPersonBP/Maps/ThirdPersonExampleMap.ThirdPersonExampleMap:PersistentLevel.ThirdPersonExampleMap' with GeneratedClass '/Game/ThirdPersonBP/Maps/ThirdPersonExampleMap.ThirdPersonExampleMap_C' with ClassGeneratedBy '/Game/ThirdPersonBP/Maps/ThirdPersonExampleMap.ThirdPersonExampleMap:PersistentLevel.ThirdPersonExampleMap'
[2019.01.19-15.36.14:761][698]LogSlate: Updating window title bar state: overlay mode, drag disabled, window buttons hidden, title bar hidden
[2019.01.19-15.36.14:810][702]LogPlayLevel: Display: Destroying online subsystem :Context_1
[2019.01.19-15.36.28:667][363]LogEditorViewport: Clicking on Actor (LMB): ThirdPersonCharacter_C (ThirdPersonCharacter)
[2019.01.19-15.36.36:308][257]LogSlate: FSceneViewport::OnFocusLost() reason 2
[2019.01.19-15.36.43:375][101]LogSlate: FSceneViewport::OnFocusLost() reason 2
[2019.01.19-15.36.43:479][101]LogSlate: FSceneViewport::OnFocusLost() reason 2
[2019.01.19-15.36.43:589][101]LogSavePackage: Moving 'C:/Users/Roel/Documents/Unreal Projects/Spudance/FPS_Project/Saved/ThirdPersonExampleMapE7F2FD404614A677C842CDBF1B350A24.tmp' to 'C:/Users/Roel/Documents/Unreal Projects/Spudance/FPS_Project/Content/ThirdPersonBP/Maps/ThirdPersonExampleMap.umap'
[2019.01.19-15.36.43:624][101]LogFileHelpers: Saving map 'ThirdPersonExampleMap' took 0.138
[2019.01.19-15.36.45:087][274]LogSlate: FSceneViewport::OnFocusLost() reason 2
[2019.01.19-15.36.47:131][510]SourceControl: fatal: E:/Unreal Engine/UE_4.21/Engine/Content: 'E:/Unreal Engine/UE_4.21/Engine/Content' is outside repository
[2019.01.19-15.36.47:187][510]LogPackageName: Error: Illegal call to DoesPackageExist: 'C:/Users/Roel/Documents/Unreal Projects/Spudance/FPS_Project/FPS_Project.uproject' is not a standard unreal filename or a long path name. Reason: Path should be no less than 4 characters long.
[2019.01.19-15.36.47:188][510]LogOutputDevice: Warning: 

Script Stack (0 frames):

[2019.01.19-15.36.47:466][510]LogStats: FPlatformStackWalk::StackWalkAndDump -  0.279 s
[2019.01.19-15.36.47:466][510]LogOutputDevice: Error: === Handled ensure: ===
[2019.01.19-15.36.47:466][510]LogOutputDevice: Error: 
[2019.01.19-15.36.47:466][510]LogOutputDevice: Error: Ensure condition failed: false [File:D:\Build\++UE4\Sync\Engine\Source\Runtime\CoreUObject\Private\Misc\PackageName.cpp] [Line: 846]
[2019.01.19-15.36.47:466][510]LogOutputDevice: Error: Illegal call to DoesPackageExist: 'C:/Users/Roel/Documents/Unreal Projects/Spudance/FPS_Project/FPS_Project.uproject' is not a standard unreal filename or a long path name. Reason: Path should be no less than 4 characters long.
[2019.01.19-15.36.47:466][510]LogOutputDevice: Error: Stack: 
[2019.01.19-15.36.47:466][510]LogOutputDevice: Error: [Callstack] 0x00007ffa319ed617 UE4Editor-CoreUObject.dll!UnknownFunction []
[2019.01.19-15.36.47:466][510]LogOutputDevice: Error: [Callstack] 0x00007ffa31088775 UE4Editor-SourceControl.dll!UnknownFunction []
[2019.01.19-15.36.47:466][510]LogOutputDevice: Error: [Callstack] 0x00007ffa31088909 UE4Editor-SourceControl.dll!UnknownFunction []
[2019.01.19-15.36.47:467][510]LogOutputDevice: Error: [Callstack] 0x00007ffa0265633d UE4Editor-SourceControlWindows.dll!UnknownFunction []
[2019.01.19-15.36.47:467][510]LogOutputDevice: Error: [Callstack] 0x00007ffa026086fe UE4Editor-SourceControlWindows.dll!UnknownFunction []
[2019.01.19-15.36.47:467][510]LogOutputDevice: Error: [Callstack] 0x00007ffa02607c8f UE4Editor-SourceControlWindows.dll!UnknownFunction []
[2019.01.19-15.36.47:467][510]LogOutputDevice: Error: [Callstack] 0x00007ffa02622601 UE4Editor-SourceControlWindows.dll!UnknownFunction []
[2019.01.19-15.36.47:467][510]LogOutputDevice: Error: [Callstack] 0x00007ff9f90ef4ec UE4Editor-GitSourceControl.dll!UnknownFunction []
[2019.01.19-15.36.47:467][510]LogOutputDevice: Error: [Callstack] 0x00007ff9f90f4e61 UE4Editor-GitSourceControl.dll!UnknownFunction []
[2019.01.19-15.36.47:467][510]LogOutputDevice: Error: [Callstack] 0x00007ffa3108eb57 UE4Editor-SourceControl.dll!UnknownFunction []
[2019.01.19-15.36.47:467][510]LogOutputDevice: Error: [Callstack] 0x00007ffa0876274e UE4Editor-UnrealEd.dll!UnknownFunction []
[2019.01.19-15.36.47:467][510]LogOutputDevice: Error: [Callstack] 0x00007ffa09082216 UE4Editor-UnrealEd.dll!UnknownFunction []
[2019.01.19-15.36.47:467][510]LogOutputDevice: Error: [Callstack] 0x00007ff791206225 UE4Editor.exe!UnknownFunction []
[2019.01.19-15.36.47:467][510]LogOutputDevice: Error: [Callstack] 0x00007ff79121596c UE4Editor.exe!UnknownFunction []
[2019.01.19-15.36.47:467][510]LogOutputDevice: Error: [Callstack] 0x00007ff7912159ea UE4Editor.exe!UnknownFunction []
[2019.01.19-15.36.47:467][510]LogOutputDevice: Error: [Callstack] 0x00007ff7912248da UE4Editor.exe!UnknownFunction []
[2019.01.19-15.36.47:467][510]LogOutputDevice: Error: [Callstack] 0x00007ff79122659a UE4Editor.exe!UnknownFunction []
[2019.01.19-15.36.47:467][510]LogOutputDevice: Error: [Callstack] 0x00007ffa68771fe4 KERNEL32.DLL!UnknownFunction []
[2019.01.19-15.36.47:467][510]LogOutputDevice: Error: [Callstack] 0x00007ffa6b06cb31 ntdll.dll!UnknownFunction []
[2019.01.19-15.36.47:467][510]LogOutputDevice: Error: 
[2019.01.19-15.36.47:476][510]LogStats:                SubmitErrorReport -  0.000 s
[2019.01.19-15.36.47:857][510]LogStats:                    SendNewReport -  0.380 s
[2019.01.19-15.36.47:857][510]LogStats:             FDebug::EnsureFailed -  0.669 s
[2019.01.19-15.36.47:860][510]LogSlate: FSceneViewport::OnFocusLost() reason 2
[2019.01.19-15.36.53:624][510]LogSlate: Window 'Submit Files' being destroyed
[2019.01.19-15.36.53:629][510]LogSlate: FSceneViewport::OnFocusLost() reason 2
[2019.01.19-15.36.53:957][510]LogSlate: FSceneViewport::OnFocusLost() reason 2
[2019.01.19-15.36.54:539][510]LogSourceControl: commit successful: [master fb89bd6] fly mofo fly
[2019.01.19-15.36.54:841][510]SourceControl: [master fb89bd6] fly mofo fly
[2019.01.19-15.36.54:841][510]SourceControl:  6 files changed, 144 insertions(+), 144 deletions(-)
[2019.01.19-15.36.54:844][510]SourceControl: Commited [master fb89bd6] fly mofo fly.
